00:01:04:172 DEBUG 94144 --- [http-nio-8082-exec-4] c.h.cart.mapper.CartMapper.selectList    : ==>  Preparing: SELECT id,user_id,item_id,num,name,spec,price,image,create_time,update_time FROM cart WHERE (user_id = ?)
00:01:04:177 DEBUG 94144 --- [http-nio-8082-exec-4] c.h.cart.mapper.CartMapper.selectList    : ==> Parameters: 1(Long)
00:01:04:181 DEBUG 94144 --- [http-nio-8082-exec-4] c.h.cart.mapper.CartMapper.selectList    : <==      Total: 1
00:01:36:392 DEBUG 94144 --- [http-nio-8082-exec-5] c.h.cart.mapper.CartMapper.selectList    : ==>  Preparing: SELECT id,user_id,item_id,num,name,spec,price,image,create_time,update_time FROM cart WHERE (user_id = ?)
00:01:36:393 DEBUG 94144 --- [http-nio-8082-exec-5] c.h.cart.mapper.CartMapper.selectList    : ==> Parameters: 1(Long)
00:01:36:396 DEBUG 94144 --- [http-nio-8082-exec-5] c.h.cart.mapper.CartMapper.selectList    : <==      Total: 1
00:01:46:925 DEBUG 94144 --- [http-nio-8082-exec-6] c.h.cart.mapper.CartMapper.selectList    : ==>  Preparing: SELECT id,user_id,item_id,num,name,spec,price,image,create_time,update_time FROM cart WHERE (user_id = ?)
00:01:46:926 DEBUG 94144 --- [http-nio-8082-exec-6] c.h.cart.mapper.CartMapper.selectList    : ==> Parameters: 1(Long)
00:01:46:935 DEBUG 94144 --- [http-nio-8082-exec-6] c.h.cart.mapper.CartMapper.selectList    : <==      Total: 1
00:04:20:996  WARN 94144 --- [Thread-4] c.a.nacos.common.notify.NotifyCenter     : [NotifyCenter] Start destroying Publisher
00:04:20:996  WARN 94144 --- [Thread-7] c.a.n.common.http.HttpClientBeanHolder   : [HttpClientBeanHolder] Start destroying common HttpClient
00:04:20:997  WARN 94144 --- [Thread-4] c.a.nacos.common.notify.NotifyCenter     : [NotifyCenter] Destruction of the end
00:04:21:000  WARN 94144 --- [Thread-7] c.a.n.common.http.HttpClientBeanHolder   : [HttpClientBeanHolder] Destruction of the end
00:04:22:057  INFO 94144 --- [SpringApplicationShutdownHook] c.a.c.n.registry.NacosServiceRegistry    : De-registering from Nacos Server now...
00:04:22:063  INFO 94144 --- [SpringApplicationShutdownHook] c.a.c.n.registry.NacosServiceRegistry    : De-registration finished.
00:04:22:380  INFO 94144 --- [SpringApplicationShutdownHook] com.alibaba.nacos.common.remote.client   : Shutdown rpc client, set status to shutdown
00:04:22:380  INFO 94144 --- [SpringApplicationShutdownHook] com.alibaba.nacos.common.remote.client   : Shutdown client event executor java.util.concurrent.ScheduledThreadPoolExecutor@2aa92e67[Running, pool size = 2, active threads = 2, queued tasks = 0, completed tasks = 0]
00:04:22:380  INFO 94144 --- [SpringApplicationShutdownHook] com.alibaba.nacos.common.remote.client   : Close current connection 1749655311897_172.16.125.1_52364
00:04:22:384  INFO 94144 --- [nacos-grpc-client-executor-682] c.a.n.c.remote.client.grpc.GrpcClient    : [1749655311897_172.16.125.1_52364]Ignore complete event,isRunning:false,isAbandon=false
00:04:22:385  INFO 94144 --- [SpringApplicationShutdownHook] c.a.n.c.remote.client.grpc.GrpcClient    : Shutdown grpc executor java.util.concurrent.ThreadPoolExecutor@5796c35b[Running, pool size = 6, active threads = 0, queued tasks = 0, completed tasks = 683]
00:04:22:389  INFO 94144 --- [SpringApplicationShutdownHook] com.zaxxer.hikari.HikariDataSource       : HikariPool-1 - Shutdown initiated...
00:04:22:397  INFO 94144 --- [SpringApplicationShutdownHook] com.zaxxer.hikari.HikariDataSource       : HikariPool-1 - Shutdown completed.
00:04:25:651  INFO 96624 --- [main] com.hmall.cart.CartApplication           : Starting CartApplication using Java 17.0.14 on zhuyuanzhuodeMacBook-Pro.local with PID 96624 (/Users/zhuyuanzhuo/code/IdeaProjects/hmall/cart-service/target/classes started by zhuyuanzhuo in /Users/zhuyuanzhuo/code/IdeaProjects/hmall)
00:04:25:651 DEBUG 96624 --- [main] com.hmall.cart.CartApplication           : Running with Spring Boot v2.7.12, Spring v5.3.27
00:04:25:651  INFO 96624 --- [main] com.hmall.cart.CartApplication           : The following 1 profile is active: "local"
00:04:25:942  INFO 96624 --- [main] .s.d.r.c.RepositoryConfigurationDelegate : Multiple Spring Data modules found, entering strict repository configuration mode
00:04:25:943  INFO 96624 --- [main] .s.d.r.c.RepositoryConfigurationDelegate : Bootstrapping Spring Data Redis repositories in DEFAULT mode.
00:04:25:951  INFO 96624 --- [main] .s.d.r.c.RepositoryConfigurationDelegate : Finished Spring Data repository scanning in 3 ms. Found 0 Redis repository interfaces.
00:04:26:039  INFO 96624 --- [main] o.s.cloud.context.scope.GenericScope     : BeanFactory id=ff29e584-754c-326a-9ed7-167502b1d42b
00:04:26:212  INFO 96624 --- [main] o.s.b.w.embedded.tomcat.TomcatWebServer  : Tomcat initialized with port(s): 8082 (http)
00:04:26:217  INFO 96624 --- [main] o.apache.catalina.core.StandardService   : Starting service [Tomcat]
00:04:26:217  INFO 96624 --- [main] org.apache.catalina.core.StandardEngine  : Starting Servlet engine: [Apache Tomcat/9.0.75]
00:04:26:260  INFO 96624 --- [main] o.a.c.c.C.[Tomcat].[localhost].[/]       : Initializing Spring embedded WebApplicationContext
00:04:26:260  INFO 96624 --- [main] w.s.c.ServletWebServerApplicationContext : Root WebApplicationContext: initialization completed in 593 ms
00:04:26:351  INFO 96624 --- [main] o.s.c.openfeign.FeignClientFactoryBean   : For 'item-service' URL not provided. Will try picking an instance via load-balancing.
00:04:26:676  INFO 96624 --- [main] pertySourcedRequestMappingHandlerMapping : Mapped URL path [/v2/api-docs] onto method [springfox.documentation.swagger2.web.Swagger2ControllerWebMvc#getDocumentation(String, HttpServletRequest)]
00:04:26:881  INFO 96624 --- [main] com.alibaba.nacos.common.remote.client   : [RpcClientFactory] create a new rpc client of 82ea8033-2536-4ba6-b766-53e2dc823ed0
00:04:26:908  INFO 96624 --- [main] org.reflections.Reflections              : Reflections took 13 ms to scan 1 urls, producing 3 keys and 6 values 
00:04:26:918  INFO 96624 --- [main] org.reflections.Reflections              : Reflections took 3 ms to scan 1 urls, producing 4 keys and 9 values 
00:04:26:922  INFO 96624 --- [main] org.reflections.Reflections              : Reflections took 3 ms to scan 1 urls, producing 3 keys and 10 values 
00:04:26:923  WARN 96624 --- [main] org.reflections.Reflections              : given scan urls are empty. set urls in the configuration
00:04:26:926  INFO 96624 --- [main] org.reflections.Reflections              : Reflections took 3 ms to scan 1 urls, producing 1 keys and 5 values 
00:04:26:930  INFO 96624 --- [main] org.reflections.Reflections              : Reflections took 3 ms to scan 1 urls, producing 1 keys and 7 values 
00:04:26:933  INFO 96624 --- [main] org.reflections.Reflections              : Reflections took 2 ms to scan 1 urls, producing 2 keys and 8 values 
00:04:26:934  WARN 96624 --- [main] org.reflections.Reflections              : given scan urls are empty. set urls in the configuration
00:04:26:934  INFO 96624 --- [main] com.alibaba.nacos.common.remote.client   : [82ea8033-2536-4ba6-b766-53e2dc823ed0] RpcClient init label, labels = {module=naming, source=sdk}
00:04:26:935  INFO 96624 --- [main] com.alibaba.nacos.common.remote.client   : [82ea8033-2536-4ba6-b766-53e2dc823ed0] RpcClient init, ServerListFactory = com.alibaba.nacos.client.naming.core.ServerListManager
00:04:26:935  INFO 96624 --- [main] com.alibaba.nacos.common.remote.client   : [82ea8033-2536-4ba6-b766-53e2dc823ed0] Registry connection listener to current client:com.alibaba.nacos.client.naming.remote.gprc.redo.NamingGrpcRedoService
00:04:26:935  INFO 96624 --- [main] com.alibaba.nacos.common.remote.client   : [82ea8033-2536-4ba6-b766-53e2dc823ed0] Register server push request handler:com.alibaba.nacos.client.naming.remote.gprc.NamingPushRequestHandler
00:04:26:936  INFO 96624 --- [main] com.alibaba.nacos.common.remote.client   : [82ea8033-2536-4ba6-b766-53e2dc823ed0] Try to connect to server on start up, server: {serverIp = '172.16.125.128', server main port = 8848}
00:04:27:288  INFO 96624 --- [main] com.alibaba.nacos.common.remote.client   : [82ea8033-2536-4ba6-b766-53e2dc823ed0] Success to connect to server [172.16.125.128:8848] on start up, connectionId = 1749657867170_172.16.125.1_60843
00:04:27:288  INFO 96624 --- [com.alibaba.nacos.client.remote.worker] com.alibaba.nacos.common.remote.client   : [82ea8033-2536-4ba6-b766-53e2dc823ed0] Notify connected event to listeners.
00:04:27:289  INFO 96624 --- [main] com.alibaba.nacos.common.remote.client   : [82ea8033-2536-4ba6-b766-53e2dc823ed0] Register server push request handler:com.alibaba.nacos.common.remote.client.RpcClient$ConnectResetRequestHandler
00:04:27:289  INFO 96624 --- [main] com.alibaba.nacos.common.remote.client   : [82ea8033-2536-4ba6-b766-53e2dc823ed0] Register server push request handler:com.alibaba.nacos.common.remote.client.RpcClient$$Lambda$1140/0x00000070018fcc18
00:04:27:332  INFO 96624 --- [main] o.s.b.w.embedded.tomcat.TomcatWebServer  : Tomcat started on port(s): 8082 (http) with context path ''
00:04:27:340  INFO 96624 --- [main] c.a.c.n.registry.NacosServiceRegistry    : nacos registry, DEFAULT_GROUP cart-service 192.168.2.35:8082 register finished
00:04:27:341  INFO 96624 --- [main] d.s.w.p.DocumentationPluginsBootstrapper : Documentation plugins bootstrapped
00:04:27:342  INFO 96624 --- [main] d.s.w.p.DocumentationPluginsBootstrapper : Found 1 custom documentation plugin(s)
00:04:27:351  INFO 96624 --- [main] s.d.s.w.s.ApiListingReferenceScanner     : Scanning for api listing references
00:04:27:386  INFO 96624 --- [main] com.hmall.cart.CartApplication           : Started CartApplication in 1.92 seconds (JVM running for 3.257)
00:04:27:891  INFO 96624 --- [nacos-grpc-client-executor-10] com.alibaba.nacos.common.remote.client   : [82ea8033-2536-4ba6-b766-53e2dc823ed0] Receive server push request, request = NotifySubscriberRequest, requestId = 135
00:04:27:892  INFO 96624 --- [nacos-grpc-client-executor-10] com.alibaba.nacos.common.remote.client   : [82ea8033-2536-4ba6-b766-53e2dc823ed0] Ack server push request, request = NotifySubscriberRequest, requestId = 135
00:04:31:336  INFO 96624 --- [http-nio-8082-exec-1] o.a.c.c.C.[Tomcat].[localhost].[/]       : Initializing Spring DispatcherServlet 'dispatcherServlet'
00:04:31:336  INFO 96624 --- [http-nio-8082-exec-1] o.s.web.servlet.DispatcherServlet        : Initializing Servlet 'dispatcherServlet'
00:04:31:337  INFO 96624 --- [http-nio-8082-exec-1] o.s.web.servlet.DispatcherServlet        : Completed initialization in 1 ms
00:04:31:387  INFO 96624 --- [http-nio-8082-exec-1] com.zaxxer.hikari.HikariDataSource       : HikariPool-1 - Starting...
00:04:31:482  INFO 96624 --- [http-nio-8082-exec-1] com.zaxxer.hikari.HikariDataSource       : HikariPool-1 - Start completed.
00:04:31:485 DEBUG 96624 --- [http-nio-8082-exec-1] c.h.cart.mapper.CartMapper.selectList    : ==>  Preparing: SELECT id,user_id,item_id,num,name,spec,price,image,create_time,update_time FROM cart WHERE (user_id = ?)
00:04:31:494 DEBUG 96624 --- [http-nio-8082-exec-1] c.h.cart.mapper.CartMapper.selectList    : ==> Parameters: 2(Long)
00:04:31:503 DEBUG 96624 --- [http-nio-8082-exec-1] c.h.cart.mapper.CartMapper.selectList    : <==      Total: 0
00:05:05:593 DEBUG 96624 --- [http-nio-8082-exec-2] c.h.cart.mapper.CartMapper.selectList    : ==>  Preparing: SELECT id,user_id,item_id,num,name,spec,price,image,create_time,update_time FROM cart WHERE (user_id = ?)
00:05:05:594 DEBUG 96624 --- [http-nio-8082-exec-2] c.h.cart.mapper.CartMapper.selectList    : ==> Parameters: 1(Long)
00:05:05:606 DEBUG 96624 --- [http-nio-8082-exec-2] c.h.cart.mapper.CartMapper.selectList    : <==      Total: 1
00:05:06:216  INFO 96624 --- [nacos-grpc-client-executor-25] com.alibaba.nacos.common.remote.client   : [82ea8033-2536-4ba6-b766-53e2dc823ed0] Receive server push request, request = NotifySubscriberRequest, requestId = 137
00:05:06:218  INFO 96624 --- [nacos-grpc-client-executor-25] com.alibaba.nacos.common.remote.client   : [82ea8033-2536-4ba6-b766-53e2dc823ed0] Ack server push request, request = NotifySubscriberRequest, requestId = 137
00:55:22:642 DEBUG 96624 --- [http-nio-8082-exec-4] c.h.cart.mapper.CartMapper.selectList    : ==>  Preparing: SELECT id,user_id,item_id,num,name,spec,price,image,create_time,update_time FROM cart WHERE (user_id = ?)
00:55:22:644 DEBUG 96624 --- [http-nio-8082-exec-4] c.h.cart.mapper.CartMapper.selectList    : ==> Parameters: 1(Long)
00:55:22:653 DEBUG 96624 --- [http-nio-8082-exec-4] c.h.cart.mapper.CartMapper.selectList    : <==      Total: 1
00:56:10:471 DEBUG 96624 --- [http-nio-8082-exec-5] c.h.cart.mapper.CartMapper.selectList    : ==>  Preparing: SELECT id,user_id,item_id,num,name,spec,price,image,create_time,update_time FROM cart WHERE (user_id = ?)
00:56:10:473 DEBUG 96624 --- [http-nio-8082-exec-5] c.h.cart.mapper.CartMapper.selectList    : ==> Parameters: 1(Long)
00:56:10:477 DEBUG 96624 --- [http-nio-8082-exec-5] c.h.cart.mapper.CartMapper.selectList    : <==      Total: 1
00:56:10:941 DEBUG 96624 --- [http-nio-8082-exec-6] c.h.cart.mapper.CartMapper.selectList    : ==>  Preparing: SELECT id,user_id,item_id,num,name,spec,price,image,create_time,update_time FROM cart WHERE (user_id = ?)
00:56:10:942 DEBUG 96624 --- [http-nio-8082-exec-6] c.h.cart.mapper.CartMapper.selectList    : ==> Parameters: 1(Long)
00:56:10:945 DEBUG 96624 --- [http-nio-8082-exec-6] c.h.cart.mapper.CartMapper.selectList    : <==      Total: 1
00:56:15:328 DEBUG 96624 --- [http-nio-8082-exec-7] c.h.cart.mapper.CartMapper.updateById    : ==>  Preparing: UPDATE cart SET num=? WHERE id=?
00:56:15:329 DEBUG 96624 --- [http-nio-8082-exec-7] c.h.cart.mapper.CartMapper.updateById    : ==> Parameters: 2(Integer), 7(Long)
00:56:15:346 DEBUG 96624 --- [http-nio-8082-exec-7] c.h.cart.mapper.CartMapper.updateById    : <==    Updates: 1
00:56:15:356 DEBUG 96624 --- [http-nio-8082-exec-8] c.h.cart.mapper.CartMapper.selectList    : ==>  Preparing: SELECT id,user_id,item_id,num,name,spec,price,image,create_time,update_time FROM cart WHERE (user_id = ?)
00:56:15:356 DEBUG 96624 --- [http-nio-8082-exec-8] c.h.cart.mapper.CartMapper.selectList    : ==> Parameters: 1(Long)
00:56:15:358 DEBUG 96624 --- [http-nio-8082-exec-8] c.h.cart.mapper.CartMapper.selectList    : <==      Total: 1
00:56:15:488 DEBUG 96624 --- [http-nio-8082-exec-9] c.h.cart.mapper.CartMapper.updateById    : ==>  Preparing: UPDATE cart SET num=? WHERE id=?
00:56:15:488 DEBUG 96624 --- [http-nio-8082-exec-9] c.h.cart.mapper.CartMapper.updateById    : ==> Parameters: 3(Integer), 7(Long)
00:56:15:497 DEBUG 96624 --- [http-nio-8082-exec-9] c.h.cart.mapper.CartMapper.updateById    : <==    Updates: 1
00:56:15:510 DEBUG 96624 --- [http-nio-8082-exec-10] c.h.cart.mapper.CartMapper.selectList    : ==>  Preparing: SELECT id,user_id,item_id,num,name,spec,price,image,create_time,update_time FROM cart WHERE (user_id = ?)
00:56:15:511 DEBUG 96624 --- [http-nio-8082-exec-10] c.h.cart.mapper.CartMapper.selectList    : ==> Parameters: 1(Long)
00:56:15:515 DEBUG 96624 --- [http-nio-8082-exec-10] c.h.cart.mapper.CartMapper.selectList    : <==      Total: 1
00:56:15:651 DEBUG 96624 --- [http-nio-8082-exec-1] c.h.cart.mapper.CartMapper.updateById    : ==>  Preparing: UPDATE cart SET num=? WHERE id=?
00:56:15:651 DEBUG 96624 --- [http-nio-8082-exec-1] c.h.cart.mapper.CartMapper.updateById    : ==> Parameters: 4(Integer), 7(Long)
00:56:15:656 DEBUG 96624 --- [http-nio-8082-exec-1] c.h.cart.mapper.CartMapper.updateById    : <==    Updates: 1
00:56:15:664 DEBUG 96624 --- [http-nio-8082-exec-2] c.h.cart.mapper.CartMapper.selectList    : ==>  Preparing: SELECT id,user_id,item_id,num,name,spec,price,image,create_time,update_time FROM cart WHERE (user_id = ?)
00:56:15:664 DEBUG 96624 --- [http-nio-8082-exec-2] c.h.cart.mapper.CartMapper.selectList    : ==> Parameters: 1(Long)
00:56:15:666 DEBUG 96624 --- [http-nio-8082-exec-2] c.h.cart.mapper.CartMapper.selectList    : <==      Total: 1
00:56:19:224 DEBUG 96624 --- [http-nio-8082-exec-3] c.h.cart.mapper.CartMapper.updateById    : ==>  Preparing: UPDATE cart SET num=? WHERE id=?
00:56:19:225 DEBUG 96624 --- [http-nio-8082-exec-3] c.h.cart.mapper.CartMapper.updateById    : ==> Parameters: 3(Integer), 7(Long)
00:56:19:232 DEBUG 96624 --- [http-nio-8082-exec-3] c.h.cart.mapper.CartMapper.updateById    : <==    Updates: 1
00:56:19:246 DEBUG 96624 --- [http-nio-8082-exec-4] c.h.cart.mapper.CartMapper.selectList    : ==>  Preparing: SELECT id,user_id,item_id,num,name,spec,price,image,create_time,update_time FROM cart WHERE (user_id = ?)
00:56:19:247 DEBUG 96624 --- [http-nio-8082-exec-4] c.h.cart.mapper.CartMapper.selectList    : ==> Parameters: 1(Long)
00:56:19:250 DEBUG 96624 --- [http-nio-8082-exec-4] c.h.cart.mapper.CartMapper.selectList    : <==      Total: 1
00:56:19:370 DEBUG 96624 --- [http-nio-8082-exec-5] c.h.cart.mapper.CartMapper.updateById    : ==>  Preparing: UPDATE cart SET num=? WHERE id=?
00:56:19:371 DEBUG 96624 --- [http-nio-8082-exec-5] c.h.cart.mapper.CartMapper.updateById    : ==> Parameters: 2(Integer), 7(Long)
00:56:19:377 DEBUG 96624 --- [http-nio-8082-exec-5] c.h.cart.mapper.CartMapper.updateById    : <==    Updates: 1
00:56:19:387 DEBUG 96624 --- [http-nio-8082-exec-6] c.h.cart.mapper.CartMapper.selectList    : ==>  Preparing: SELECT id,user_id,item_id,num,name,spec,price,image,create_time,update_time FROM cart WHERE (user_id = ?)
00:56:19:388 DEBUG 96624 --- [http-nio-8082-exec-6] c.h.cart.mapper.CartMapper.selectList    : ==> Parameters: 1(Long)
00:56:19:391 DEBUG 96624 --- [http-nio-8082-exec-6] c.h.cart.mapper.CartMapper.selectList    : <==      Total: 1
00:56:19:539 DEBUG 96624 --- [http-nio-8082-exec-7] c.h.cart.mapper.CartMapper.updateById    : ==>  Preparing: UPDATE cart SET num=? WHERE id=?
00:56:19:541 DEBUG 96624 --- [http-nio-8082-exec-7] c.h.cart.mapper.CartMapper.updateById    : ==> Parameters: 1(Integer), 7(Long)
00:56:19:545 DEBUG 96624 --- [http-nio-8082-exec-7] c.h.cart.mapper.CartMapper.updateById    : <==    Updates: 1
00:56:19:557 DEBUG 96624 --- [http-nio-8082-exec-8] c.h.cart.mapper.CartMapper.selectList    : ==>  Preparing: SELECT id,user_id,item_id,num,name,spec,price,image,create_time,update_time FROM cart WHERE (user_id = ?)
00:56:19:558 DEBUG 96624 --- [http-nio-8082-exec-8] c.h.cart.mapper.CartMapper.selectList    : ==> Parameters: 1(Long)
00:56:19:560 DEBUG 96624 --- [http-nio-8082-exec-8] c.h.cart.mapper.CartMapper.selectList    : <==      Total: 1
00:56:25:627 DEBUG 96624 --- [http-nio-8082-exec-9] c.h.cart.mapper.CartMapper.selectList    : ==>  Preparing: SELECT id,user_id,item_id,num,name,spec,price,image,create_time,update_time FROM cart WHERE (user_id = ?)
00:56:25:627 DEBUG 96624 --- [http-nio-8082-exec-9] c.h.cart.mapper.CartMapper.selectList    : ==> Parameters: 1(Long)
00:56:25:629 DEBUG 96624 --- [http-nio-8082-exec-9] c.h.cart.mapper.CartMapper.selectList    : <==      Total: 1
00:56:33:245 DEBUG 96624 --- [http-nio-8082-exec-10] c.h.cart.mapper.CartMapper.selectList    : ==>  Preparing: SELECT id,user_id,item_id,num,name,spec,price,image,create_time,update_time FROM cart WHERE (user_id = ?)
00:56:33:245 DEBUG 96624 --- [http-nio-8082-exec-10] c.h.cart.mapper.CartMapper.selectList    : ==> Parameters: 2(Long)
00:56:33:247 DEBUG 96624 --- [http-nio-8082-exec-10] c.h.cart.mapper.CartMapper.selectList    : <==      Total: 0
00:56:38:560 DEBUG 96624 --- [http-nio-8082-exec-1] c.h.cart.mapper.CartMapper.selectCount   : ==>  Preparing: SELECT COUNT( * ) FROM cart WHERE (user_id = ? AND item_id = ?)
00:56:38:561 DEBUG 96624 --- [http-nio-8082-exec-1] c.h.cart.mapper.CartMapper.selectCount   : ==> Parameters: 2(Long), 2120808(Long)
00:56:38:563 DEBUG 96624 --- [http-nio-8082-exec-1] c.h.cart.mapper.CartMapper.selectCount   : <==      Total: 1
00:56:38:565 DEBUG 96624 --- [http-nio-8082-exec-1] c.h.cart.mapper.CartMapper.selectCount   : ==>  Preparing: SELECT COUNT( * ) FROM cart WHERE (user_id = ?)
00:56:38:565 DEBUG 96624 --- [http-nio-8082-exec-1] c.h.cart.mapper.CartMapper.selectCount   : ==> Parameters: 2(Long)
00:56:38:566 DEBUG 96624 --- [http-nio-8082-exec-1] c.h.cart.mapper.CartMapper.selectCount   : <==      Total: 1
00:56:38:580 DEBUG 96624 --- [http-nio-8082-exec-1] com.hmall.cart.mapper.CartMapper.insert  : ==>  Preparing: INSERT INTO cart ( user_id, item_id, name, spec, price, image ) VALUES ( ?, ?, ?, ?, ?, ? )
00:56:38:581 DEBUG 96624 --- [http-nio-8082-exec-1] com.hmall.cart.mapper.CartMapper.insert  : ==> Parameters: 2(Long), 2120808(Long), 姬龙雪 guy laroche女包 GL经典手提包女牛皮大容量单肩包女欧美时尚包包女包GS1210001-06杏色(String), {}(String), 71800(Integer), https://m.360buyimg.com/mobilecms/s720x720_jfs/t30694/267/398774087/90954/6fc143cf/5bf25358N14dadbf7.jpg!q70.jpg.webp(String)
00:56:38:588 DEBUG 96624 --- [http-nio-8082-exec-1] com.hmall.cart.mapper.CartMapper.insert  : <==    Updates: 1
00:56:38:633 DEBUG 96624 --- [http-nio-8082-exec-2] c.h.cart.mapper.CartMapper.selectList    : ==>  Preparing: SELECT id,user_id,item_id,num,name,spec,price,image,create_time,update_time FROM cart WHERE (user_id = ?)
00:56:38:633 DEBUG 96624 --- [http-nio-8082-exec-2] c.h.cart.mapper.CartMapper.selectList    : ==> Parameters: 2(Long)
00:56:38:635 DEBUG 96624 --- [http-nio-8082-exec-2] c.h.cart.mapper.CartMapper.selectList    : <==      Total: 1
00:57:00:980 DEBUG 96624 --- [http-nio-8082-exec-3] com.hmall.cart.mapper.CartMapper.delete  : ==>  Preparing: DELETE FROM cart WHERE (user_id = ? AND item_id IN (?))
00:57:00:981 DEBUG 96624 --- [http-nio-8082-exec-3] com.hmall.cart.mapper.CartMapper.delete  : ==> Parameters: 2(Long), 2120808(Long)
00:57:00:986 DEBUG 96624 --- [http-nio-8082-exec-3] com.hmall.cart.mapper.CartMapper.delete  : <==    Updates: 1
00:57:58:249 DEBUG 96624 --- [http-nio-8082-exec-6] com.hmall.cart.mapper.CartMapper.delete  : ==>  Preparing: DELETE FROM cart WHERE (user_id = ? AND item_id IN (?))
00:57:58:249 DEBUG 96624 --- [http-nio-8082-exec-6] com.hmall.cart.mapper.CartMapper.delete  : ==> Parameters: 2(Long), 2120808(Long)
00:57:58:251 DEBUG 96624 --- [http-nio-8082-exec-6] com.hmall.cart.mapper.CartMapper.delete  : <==    Updates: 0
00:59:15:070  INFO 96624 --- [nacos-grpc-client-executor-877] com.alibaba.nacos.common.remote.client   : [82ea8033-2536-4ba6-b766-53e2dc823ed0] Receive server push request, request = NotifySubscriberRequest, requestId = 145
00:59:15:080  INFO 96624 --- [nacos-grpc-client-executor-877] com.alibaba.nacos.common.remote.client   : [82ea8033-2536-4ba6-b766-53e2dc823ed0] Ack server push request, request = NotifySubscriberRequest, requestId = 145
00:59:18:984  INFO 96624 --- [nacos-grpc-client-executor-878] com.alibaba.nacos.common.remote.client   : [82ea8033-2536-4ba6-b766-53e2dc823ed0] Receive server push request, request = NotifySubscriberRequest, requestId = 150
00:59:18:986  INFO 96624 --- [nacos-grpc-client-executor-878] com.alibaba.nacos.common.remote.client   : [82ea8033-2536-4ba6-b766-53e2dc823ed0] Ack server push request, request = NotifySubscriberRequest, requestId = 150
00:59:22:166 DEBUG 96624 --- [http-nio-8082-exec-8] com.hmall.cart.mapper.CartMapper.delete  : ==>  Preparing: DELETE FROM cart WHERE (user_id = ? AND item_id IN (?))
00:59:22:167 DEBUG 96624 --- [http-nio-8082-exec-8] com.hmall.cart.mapper.CartMapper.delete  : ==> Parameters: 2(Long), 2120808(Long)
00:59:22:170 DEBUG 96624 --- [http-nio-8082-exec-8] com.hmall.cart.mapper.CartMapper.delete  : <==    Updates: 0
01:05:07:772 DEBUG 96624 --- [http-nio-8082-exec-10] com.hmall.cart.mapper.CartMapper.delete  : ==>  Preparing: DELETE FROM cart WHERE (user_id = ? AND item_id IN (?))
01:05:07:773 DEBUG 96624 --- [http-nio-8082-exec-10] com.hmall.cart.mapper.CartMapper.delete  : ==> Parameters: 2(Long), 2120808(Long)
01:05:07:775 DEBUG 96624 --- [http-nio-8082-exec-10] com.hmall.cart.mapper.CartMapper.delete  : <==    Updates: 0
01:05:11:909 DEBUG 96624 --- [http-nio-8082-exec-2] com.hmall.cart.mapper.CartMapper.delete  : ==>  Preparing: DELETE FROM cart WHERE (user_id = ? AND item_id IN (?))
01:05:11:910 DEBUG 96624 --- [http-nio-8082-exec-2] com.hmall.cart.mapper.CartMapper.delete  : ==> Parameters: 2(Long), 2120808(Long)
01:05:11:912 DEBUG 96624 --- [http-nio-8082-exec-2] com.hmall.cart.mapper.CartMapper.delete  : <==    Updates: 0
01:05:21:792 DEBUG 96624 --- [http-nio-8082-exec-4] com.hmall.cart.mapper.CartMapper.delete  : ==>  Preparing: DELETE FROM cart WHERE (user_id = ? AND item_id IN (?))
01:05:21:793 DEBUG 96624 --- [http-nio-8082-exec-4] com.hmall.cart.mapper.CartMapper.delete  : ==> Parameters: 2(Long), 2120808(Long)
01:05:21:798 DEBUG 96624 --- [http-nio-8082-exec-4] com.hmall.cart.mapper.CartMapper.delete  : <==    Updates: 0
01:05:41:586  INFO 96624 --- [nacos-grpc-client-executor-962] com.alibaba.nacos.common.remote.client   : [82ea8033-2536-4ba6-b766-53e2dc823ed0] Receive server push request, request = NotifySubscriberRequest, requestId = 154
01:05:41:605  INFO 96624 --- [nacos-grpc-client-executor-962] com.alibaba.nacos.common.remote.client   : [82ea8033-2536-4ba6-b766-53e2dc823ed0] Ack server push request, request = NotifySubscriberRequest, requestId = 154
01:05:45:189  INFO 96624 --- [nacos-grpc-client-executor-963] com.alibaba.nacos.common.remote.client   : [82ea8033-2536-4ba6-b766-53e2dc823ed0] Receive server push request, request = NotifySubscriberRequest, requestId = 159
01:05:45:192  INFO 96624 --- [nacos-grpc-client-executor-963] com.alibaba.nacos.common.remote.client   : [82ea8033-2536-4ba6-b766-53e2dc823ed0] Ack server push request, request = NotifySubscriberRequest, requestId = 159
01:05:47:396  INFO 96624 --- [nacos-grpc-client-executor-964] com.alibaba.nacos.common.remote.client   : [82ea8033-2536-4ba6-b766-53e2dc823ed0] Receive server push request, request = NotifySubscriberRequest, requestId = 164
01:05:47:398  INFO 96624 --- [nacos-grpc-client-executor-964] com.alibaba.nacos.common.remote.client   : [82ea8033-2536-4ba6-b766-53e2dc823ed0] Ack server push request, request = NotifySubscriberRequest, requestId = 164
01:05:51:009  INFO 96624 --- [nacos-grpc-client-executor-965] com.alibaba.nacos.common.remote.client   : [82ea8033-2536-4ba6-b766-53e2dc823ed0] Receive server push request, request = NotifySubscriberRequest, requestId = 168
01:05:51:014  INFO 96624 --- [nacos-grpc-client-executor-965] com.alibaba.nacos.common.remote.client   : [82ea8033-2536-4ba6-b766-53e2dc823ed0] Ack server push request, request = NotifySubscriberRequest, requestId = 168
01:06:12:333  INFO 96624 --- [nacos-grpc-client-executor-969] com.alibaba.nacos.common.remote.client   : [82ea8033-2536-4ba6-b766-53e2dc823ed0] Receive server push request, request = NotifySubscriberRequest, requestId = 172
01:06:12:335  INFO 96624 --- [nacos-grpc-client-executor-969] com.alibaba.nacos.common.remote.client   : [82ea8033-2536-4ba6-b766-53e2dc823ed0] Ack server push request, request = NotifySubscriberRequest, requestId = 172
01:06:13:230  INFO 96624 --- [nacos-grpc-client-executor-970] com.alibaba.nacos.common.remote.client   : [82ea8033-2536-4ba6-b766-53e2dc823ed0] Receive server push request, request = NotifySubscriberRequest, requestId = 174
01:06:13:230  INFO 96624 --- [nacos-grpc-client-executor-970] com.alibaba.nacos.common.remote.client   : [82ea8033-2536-4ba6-b766-53e2dc823ed0] Ack server push request, request = NotifySubscriberRequest, requestId = 174
01:06:16:146  INFO 96624 --- [nacos-grpc-client-executor-971] com.alibaba.nacos.common.remote.client   : [82ea8033-2536-4ba6-b766-53e2dc823ed0] Receive server push request, request = NotifySubscriberRequest, requestId = 177
01:06:16:147  INFO 96624 --- [nacos-grpc-client-executor-971] com.alibaba.nacos.common.remote.client   : [82ea8033-2536-4ba6-b766-53e2dc823ed0] Ack server push request, request = NotifySubscriberRequest, requestId = 177
01:06:16:747  INFO 96624 --- [nacos-grpc-client-executor-972] com.alibaba.nacos.common.remote.client   : [82ea8033-2536-4ba6-b766-53e2dc823ed0] Receive server push request, request = NotifySubscriberRequest, requestId = 180
01:06:16:748  INFO 96624 --- [nacos-grpc-client-executor-972] com.alibaba.nacos.common.remote.client   : [82ea8033-2536-4ba6-b766-53e2dc823ed0] Ack server push request, request = NotifySubscriberRequest, requestId = 180
01:07:00:613 DEBUG 96624 --- [http-nio-8082-exec-6] com.hmall.cart.mapper.CartMapper.delete  : ==>  Preparing: DELETE FROM cart WHERE (user_id = ? AND item_id IN (?))
01:07:00:614 DEBUG 96624 --- [http-nio-8082-exec-6] com.hmall.cart.mapper.CartMapper.delete  : ==> Parameters: 2(Long), 2120808(Long)
01:07:00:616 DEBUG 96624 --- [http-nio-8082-exec-6] com.hmall.cart.mapper.CartMapper.delete  : <==    Updates: 0
01:09:29:393 DEBUG 96624 --- [http-nio-8082-exec-8] com.hmall.cart.mapper.CartMapper.delete  : ==>  Preparing: DELETE FROM cart WHERE (user_id = ? AND item_id IN (?))
01:09:29:399 DEBUG 96624 --- [http-nio-8082-exec-8] com.hmall.cart.mapper.CartMapper.delete  : ==> Parameters: 2(Long), 2120808(Long)
01:09:29:403 DEBUG 96624 --- [http-nio-8082-exec-8] com.hmall.cart.mapper.CartMapper.delete  : <==    Updates: 0
01:30:11:687 DEBUG 96624 --- [http-nio-8082-exec-10] c.h.cart.mapper.CartMapper.selectList    : ==>  Preparing: SELECT id,user_id,item_id,num,name,spec,price,image,create_time,update_time FROM cart WHERE (user_id = ?)
01:30:11:689 DEBUG 96624 --- [http-nio-8082-exec-10] c.h.cart.mapper.CartMapper.selectList    : ==> Parameters: 2(Long)
01:30:11:691 DEBUG 96624 --- [http-nio-8082-exec-10] c.h.cart.mapper.CartMapper.selectList    : <==      Total: 0
01:30:16:065 DEBUG 96624 --- [http-nio-8082-exec-1] c.h.cart.mapper.CartMapper.selectList    : ==>  Preparing: SELECT id,user_id,item_id,num,name,spec,price,image,create_time,update_time FROM cart WHERE (user_id = ?)
01:30:16:066 DEBUG 96624 --- [http-nio-8082-exec-1] c.h.cart.mapper.CartMapper.selectList    : ==> Parameters: 2(Long)
01:30:16:073 DEBUG 96624 --- [http-nio-8082-exec-1] c.h.cart.mapper.CartMapper.selectList    : <==      Total: 0
01:30:20:578 DEBUG 96624 --- [http-nio-8082-exec-2] c.h.cart.mapper.CartMapper.selectCount   : ==>  Preparing: SELECT COUNT( * ) FROM cart WHERE (user_id = ? AND item_id = ?)
01:30:20:579 DEBUG 96624 --- [http-nio-8082-exec-2] c.h.cart.mapper.CartMapper.selectCount   : ==> Parameters: 2(Long), 8533120(Long)
01:30:20:582 DEBUG 96624 --- [http-nio-8082-exec-2] c.h.cart.mapper.CartMapper.selectCount   : <==      Total: 1
01:30:20:587 DEBUG 96624 --- [http-nio-8082-exec-2] c.h.cart.mapper.CartMapper.selectCount   : ==>  Preparing: SELECT COUNT( * ) FROM cart WHERE (user_id = ?)
01:30:20:588 DEBUG 96624 --- [http-nio-8082-exec-2] c.h.cart.mapper.CartMapper.selectCount   : ==> Parameters: 2(Long)
01:30:20:592 DEBUG 96624 --- [http-nio-8082-exec-2] c.h.cart.mapper.CartMapper.selectCount   : <==      Total: 1
01:30:20:604 DEBUG 96624 --- [http-nio-8082-exec-2] com.hmall.cart.mapper.CartMapper.insert  : ==>  Preparing: INSERT INTO cart ( user_id, item_id, name, spec, price, image ) VALUES ( ?, ?, ?, ?, ?, ? )
01:30:20:605 DEBUG 96624 --- [http-nio-8082-exec-2] com.hmall.cart.mapper.CartMapper.insert  : ==> Parameters: 2(Long), 8533120(Long), 海尔 （Haier ）LQ65H31 65英寸 4K曲面人工智能全面屏超高清LED液晶电视(String), {}(String), 379500(Integer), https://m.360buyimg.com/mobilecms/s720x720_jfs/t1/2851/14/13998/101463/5bd9723cE81b2c299/1bfdf2d1628648e4.jpg!q70.jpg.webp(String)
01:30:20:614 DEBUG 96624 --- [http-nio-8082-exec-2] com.hmall.cart.mapper.CartMapper.insert  : <==    Updates: 1
01:30:20:663 DEBUG 96624 --- [http-nio-8082-exec-3] c.h.cart.mapper.CartMapper.selectList    : ==>  Preparing: SELECT id,user_id,item_id,num,name,spec,price,image,create_time,update_time FROM cart WHERE (user_id = ?)
01:30:20:663 DEBUG 96624 --- [http-nio-8082-exec-3] c.h.cart.mapper.CartMapper.selectList    : ==> Parameters: 2(Long)
01:30:20:666 DEBUG 96624 --- [http-nio-8082-exec-3] c.h.cart.mapper.CartMapper.selectList    : <==      Total: 1
01:30:26:076 DEBUG 96624 --- [http-nio-8082-exec-4] c.h.cart.mapper.CartMapper.selectList    : ==>  Preparing: SELECT id,user_id,item_id,num,name,spec,price,image,create_time,update_time FROM cart WHERE (user_id = ?)
01:30:26:077 DEBUG 96624 --- [http-nio-8082-exec-4] c.h.cart.mapper.CartMapper.selectList    : ==> Parameters: 2(Long)
01:30:26:085 DEBUG 96624 --- [http-nio-8082-exec-4] c.h.cart.mapper.CartMapper.selectList    : <==      Total: 1
01:30:29:337 DEBUG 96624 --- [http-nio-8082-exec-5] c.h.cart.mapper.CartMapper.selectCount   : ==>  Preparing: SELECT COUNT( * ) FROM cart WHERE (user_id = ? AND item_id = ?)
01:30:29:338 DEBUG 96624 --- [http-nio-8082-exec-5] c.h.cart.mapper.CartMapper.selectCount   : ==> Parameters: 2(Long), 100001511821(Long)
01:30:29:341 DEBUG 96624 --- [http-nio-8082-exec-5] c.h.cart.mapper.CartMapper.selectCount   : <==      Total: 1
01:30:29:342 DEBUG 96624 --- [http-nio-8082-exec-5] c.h.cart.mapper.CartMapper.selectCount   : ==>  Preparing: SELECT COUNT( * ) FROM cart WHERE (user_id = ?)
01:30:29:342 DEBUG 96624 --- [http-nio-8082-exec-5] c.h.cart.mapper.CartMapper.selectCount   : ==> Parameters: 2(Long)
01:30:29:343 DEBUG 96624 --- [http-nio-8082-exec-5] c.h.cart.mapper.CartMapper.selectCount   : <==      Total: 1
01:30:29:344 DEBUG 96624 --- [http-nio-8082-exec-5] com.hmall.cart.mapper.CartMapper.insert  : ==>  Preparing: INSERT INTO cart ( user_id, item_id, name, spec, price, image ) VALUES ( ?, ?, ?, ?, ?, ? )
01:30:29:345 DEBUG 96624 --- [http-nio-8082-exec-5] com.hmall.cart.mapper.CartMapper.insert  : ==> Parameters: 2(Long), 100001511821(Long), HMDIME 牛仔背带裤女2018秋冬新品 韩版学院风潮流百搭弹力修身补丁学生吊带长裤女 AXNZ369 深蓝 30(String), {"颜色": "蓝色", "尺码": "30"}(String), 13700(Integer), https://m.360buyimg.com/mobilecms/s720x720_jfs/t30892/263/313055374/557791/c98e9abc/5bef811aN036f7c3b.jpg!q70.jpg.webp(String)
01:30:29:352 DEBUG 96624 --- [http-nio-8082-exec-5] com.hmall.cart.mapper.CartMapper.insert  : <==    Updates: 1
01:30:29:382 DEBUG 96624 --- [http-nio-8082-exec-6] c.h.cart.mapper.CartMapper.selectList    : ==>  Preparing: SELECT id,user_id,item_id,num,name,spec,price,image,create_time,update_time FROM cart WHERE (user_id = ?)
01:30:29:383 DEBUG 96624 --- [http-nio-8082-exec-6] c.h.cart.mapper.CartMapper.selectList    : ==> Parameters: 2(Long)
01:30:29:385 DEBUG 96624 --- [http-nio-8082-exec-6] c.h.cart.mapper.CartMapper.selectList    : <==      Total: 2
01:30:35:126 DEBUG 96624 --- [http-nio-8082-exec-7] com.hmall.cart.mapper.CartMapper.delete  : ==>  Preparing: DELETE FROM cart WHERE (user_id = ? AND item_id IN (?,?))
01:30:35:126 DEBUG 96624 --- [http-nio-8082-exec-7] com.hmall.cart.mapper.CartMapper.delete  : ==> Parameters: 2(Long), 8533120(Long), 100001511821(Long)
01:30:35:131 DEBUG 96624 --- [http-nio-8082-exec-7] com.hmall.cart.mapper.CartMapper.delete  : <==    Updates: 2
01:30:47:558 DEBUG 96624 --- [http-nio-8082-exec-9] c.h.cart.mapper.CartMapper.selectList    : ==>  Preparing: SELECT id,user_id,item_id,num,name,spec,price,image,create_time,update_time FROM cart WHERE (user_id = ?)
01:30:47:558 DEBUG 96624 --- [http-nio-8082-exec-9] c.h.cart.mapper.CartMapper.selectList    : ==> Parameters: 2(Long)
01:30:47:561 DEBUG 96624 --- [http-nio-8082-exec-9] c.h.cart.mapper.CartMapper.selectList    : <==      Total: 0
01:30:58:728 DEBUG 96624 --- [http-nio-8082-exec-10] c.h.cart.mapper.CartMapper.selectCount   : ==>  Preparing: SELECT COUNT( * ) FROM cart WHERE (user_id = ? AND item_id = ?)
01:30:58:729 DEBUG 96624 --- [http-nio-8082-exec-10] c.h.cart.mapper.CartMapper.selectCount   : ==> Parameters: 2(Long), 14741770661(Long)
01:30:58:730 DEBUG 96624 --- [http-nio-8082-exec-10] c.h.cart.mapper.CartMapper.selectCount   : <==      Total: 1
01:30:58:732 DEBUG 96624 --- [http-nio-8082-exec-10] c.h.cart.mapper.CartMapper.selectCount   : ==>  Preparing: SELECT COUNT( * ) FROM cart WHERE (user_id = ?)
01:30:58:732 DEBUG 96624 --- [http-nio-8082-exec-10] c.h.cart.mapper.CartMapper.selectCount   : ==> Parameters: 2(Long)
01:30:58:734 DEBUG 96624 --- [http-nio-8082-exec-10] c.h.cart.mapper.CartMapper.selectCount   : <==      Total: 1
01:30:58:734 DEBUG 96624 --- [http-nio-8082-exec-10] com.hmall.cart.mapper.CartMapper.insert  : ==>  Preparing: INSERT INTO cart ( user_id, item_id, name, spec, price, image ) VALUES ( ?, ?, ?, ?, ?, ? )
01:30:58:735 DEBUG 96624 --- [http-nio-8082-exec-10] com.hmall.cart.mapper.CartMapper.insert  : ==> Parameters: 2(Long), 14741770661(Long), 康佳（KONKA） LED49UC3 49英寸超薄曲面36核4K HDR人工智能电视(String), {}(String), 144600(Integer), https://m.360buyimg.com/mobilecms/s720x720_jfs/t16477/84/2032772431/400946/2887be91/5a912776N7e343ec3.jpg!q70.jpg.webp(String)
01:30:58:739 DEBUG 96624 --- [http-nio-8082-exec-10] com.hmall.cart.mapper.CartMapper.insert  : <==    Updates: 1
01:30:58:779 DEBUG 96624 --- [http-nio-8082-exec-1] c.h.cart.mapper.CartMapper.selectList    : ==>  Preparing: SELECT id,user_id,item_id,num,name,spec,price,image,create_time,update_time FROM cart WHERE (user_id = ?)
01:30:58:779 DEBUG 96624 --- [http-nio-8082-exec-1] c.h.cart.mapper.CartMapper.selectList    : ==> Parameters: 2(Long)
01:30:58:782 DEBUG 96624 --- [http-nio-8082-exec-1] c.h.cart.mapper.CartMapper.selectList    : <==      Total: 1
01:31:11:337 DEBUG 96624 --- [http-nio-8082-exec-2] com.hmall.cart.mapper.CartMapper.delete  : ==>  Preparing: DELETE FROM cart WHERE (user_id = ? AND item_id IN (?))
01:31:11:337 DEBUG 96624 --- [http-nio-8082-exec-2] com.hmall.cart.mapper.CartMapper.delete  : ==> Parameters: 2(Long), 14741770661(Long)
01:31:11:341 DEBUG 96624 --- [http-nio-8082-exec-2] com.hmall.cart.mapper.CartMapper.delete  : <==    Updates: 1
01:40:32:370  WARN 96624 --- [HikariPool-1 housekeeper] com.zaxxer.hikari.pool.HikariPool        : HikariPool-1 - Retrograde clock change detected (housekeeper delta=29s850ms), soft-evicting connections from pool.
01:42:05:248 DEBUG 96624 --- [http-nio-8082-exec-5] c.h.cart.mapper.CartMapper.selectList    : ==>  Preparing: SELECT id,user_id,item_id,num,name,spec,price,image,create_time,update_time FROM cart WHERE (user_id = ?)
01:42:05:250 DEBUG 96624 --- [http-nio-8082-exec-5] c.h.cart.mapper.CartMapper.selectList    : ==> Parameters: 2(Long)
01:42:05:263 DEBUG 96624 --- [http-nio-8082-exec-5] c.h.cart.mapper.CartMapper.selectList    : <==      Total: 0
01:42:07:668 DEBUG 96624 --- [http-nio-8082-exec-6] c.h.cart.mapper.CartMapper.selectCount   : ==>  Preparing: SELECT COUNT( * ) FROM cart WHERE (user_id = ? AND item_id = ?)
01:42:07:669 DEBUG 96624 --- [http-nio-8082-exec-6] c.h.cart.mapper.CartMapper.selectCount   : ==> Parameters: 2(Long), 40305713537(Long)
01:42:07:671 DEBUG 96624 --- [http-nio-8082-exec-6] c.h.cart.mapper.CartMapper.selectCount   : <==      Total: 1
01:42:07:672 DEBUG 96624 --- [http-nio-8082-exec-6] c.h.cart.mapper.CartMapper.selectCount   : ==>  Preparing: SELECT COUNT( * ) FROM cart WHERE (user_id = ?)
01:42:07:672 DEBUG 96624 --- [http-nio-8082-exec-6] c.h.cart.mapper.CartMapper.selectCount   : ==> Parameters: 2(Long)
01:42:07:673 DEBUG 96624 --- [http-nio-8082-exec-6] c.h.cart.mapper.CartMapper.selectCount   : <==      Total: 1
01:42:07:674 DEBUG 96624 --- [http-nio-8082-exec-6] com.hmall.cart.mapper.CartMapper.insert  : ==>  Preparing: INSERT INTO cart ( user_id, item_id, name, spec, price, image ) VALUES ( ?, ?, ?, ?, ?, ? )
01:42:07:674 DEBUG 96624 --- [http-nio-8082-exec-6] com.hmall.cart.mapper.CartMapper.insert  : ==> Parameters: 2(Long), 40305713537(Long), 【官方正品 品牌直营】奥古狮登小白鞋女秋季透气2018新款百搭韩版休闲鞋运动鞋女鞋厚底板鞋女 浅蓝【厚底】 41(String), {"颜色": "金色", "尺码": "41"}(String), 35400(Integer), https://m.360buyimg.com/mobilecms/s720x720_jfs/t1/14147/34/2890/275451/5c225484Ebd346404/e61513be4639ee2e.jpg!q70.jpg.webp(String)
01:42:07:679 DEBUG 96624 --- [http-nio-8082-exec-6] com.hmall.cart.mapper.CartMapper.insert  : <==    Updates: 1
01:42:07:728 DEBUG 96624 --- [http-nio-8082-exec-7] c.h.cart.mapper.CartMapper.selectList    : ==>  Preparing: SELECT id,user_id,item_id,num,name,spec,price,image,create_time,update_time FROM cart WHERE (user_id = ?)
01:42:07:729 DEBUG 96624 --- [http-nio-8082-exec-7] c.h.cart.mapper.CartMapper.selectList    : ==> Parameters: 2(Long)
01:42:07:731 DEBUG 96624 --- [http-nio-8082-exec-7] c.h.cart.mapper.CartMapper.selectList    : <==      Total: 1
01:42:22:992 DEBUG 96624 --- [http-nio-8082-exec-8] com.hmall.cart.mapper.CartMapper.delete  : ==>  Preparing: DELETE FROM cart WHERE (user_id = ? AND item_id IN (?))
01:42:22:993 DEBUG 96624 --- [http-nio-8082-exec-8] com.hmall.cart.mapper.CartMapper.delete  : ==> Parameters: 2(Long), 40305713537(Long)
01:42:23:001 DEBUG 96624 --- [http-nio-8082-exec-8] com.hmall.cart.mapper.CartMapper.delete  : <==    Updates: 1
