01:54:27:641  WARN 12227 --- [Thread-7] c.a.n.common.http.HttpClientBeanHolder   : [HttpClientBeanHolder] Start destroying common HttpClient
01:54:27:641  WARN 12227 --- [Thread-4] c.a.nacos.common.notify.NotifyCenter     : [NotifyCenter] Start destroying Publisher
01:54:27:658  WARN 12227 --- [Thread-4] c.a.nacos.common.notify.NotifyCenter     : [NotifyCenter] Destruction of the end
01:54:27:640  WARN 12220 --- [Thread-4] c.a.nacos.common.notify.NotifyCenter     : [NotifyCenter] Start destroying Publisher
01:54:27:640  WARN 12220 --- [Thread-7] c.a.n.common.http.HttpClientBeanHolder   : [HttpClientBeanHolder] Start destroying common HttpClient
01:54:27:659  WARN 12220 --- [Thread-4] c.a.nacos.common.notify.NotifyCenter     : [NotifyCenter] Destruction of the end
01:54:27:661  WARN 12227 --- [Thread-7] c.a.n.common.http.HttpClientBeanHolder   : [HttpClientBeanHolder] Destruction of the end
01:54:27:662  WARN 12220 --- [Thread-7] c.a.n.common.http.HttpClientBeanHolder   : [HttpClientBeanHolder] Destruction of the end
01:54:28:766  INFO 12227 --- [SpringApplicationShutdownHook] c.a.c.n.registry.NacosServiceRegistry    : De-registering from Nacos Server now...
01:54:28:766  INFO 12220 --- [SpringApplicationShutdownHook] c.a.c.n.registry.NacosServiceRegistry    : De-registering from Nacos Server now...
01:54:28:774  INFO 12227 --- [SpringApplicationShutdownHook] c.a.c.n.registry.NacosServiceRegistry    : De-registration finished.
01:54:28:775  INFO 12220 --- [SpringApplicationShutdownHook] c.a.c.n.registry.NacosServiceRegistry    : De-registration finished.
01:54:29:082  INFO 12220 --- [SpringApplicationShutdownHook] com.alibaba.nacos.common.remote.client   : Shutdown rpc client, set status to shutdown
01:54:29:082  INFO 12220 --- [SpringApplicationShutdownHook] com.alibaba.nacos.common.remote.client   : Shutdown client event executor java.util.concurrent.ScheduledThreadPoolExecutor@410b028a[Running, pool size = 2, active threads = 2, queued tasks = 0, completed tasks = 0]
01:54:29:082  INFO 12220 --- [SpringApplicationShutdownHook] com.alibaba.nacos.common.remote.client   : Close current connection 1749555328446_172.16.125.1_62586
01:54:29:085  INFO 12220 --- [nacos-grpc-client-executor-4954] c.a.n.c.remote.client.grpc.GrpcClient    : [1749555328446_172.16.125.1_62586]Ignore complete event,isRunning:false,isAbandon=false
01:54:29:088  INFO 12220 --- [SpringApplicationShutdownHook] c.a.n.c.remote.client.grpc.GrpcClient    : Shutdown grpc executor java.util.concurrent.ThreadPoolExecutor@63ec76ac[Running, pool size = 7, active threads = 0, queued tasks = 0, completed tasks = 4955]
01:54:29:090  INFO 12227 --- [SpringApplicationShutdownHook] com.alibaba.nacos.common.remote.client   : Shutdown rpc client, set status to shutdown
01:54:29:090  INFO 12227 --- [SpringApplicationShutdownHook] com.alibaba.nacos.common.remote.client   : Shutdown client event executor java.util.concurrent.ScheduledThreadPoolExecutor@1d95218a[Running, pool size = 2, active threads = 2, queued tasks = 0, completed tasks = 0]
01:54:29:090  INFO 12227 --- [SpringApplicationShutdownHook] com.alibaba.nacos.common.remote.client   : Close current connection 1749555329296_172.16.125.1_62597
01:54:29:091  INFO 12220 --- [SpringApplicationShutdownHook] com.zaxxer.hikari.HikariDataSource       : HikariPool-1 - Shutdown initiated...
01:54:29:094  INFO 12227 --- [SpringApplicationShutdownHook] c.a.n.c.remote.client.grpc.GrpcClient    : Shutdown grpc executor java.util.concurrent.ThreadPoolExecutor@3d6db137[Running, pool size = 4, active threads = 0, queued tasks = 0, completed tasks = 4970]
01:54:29:096  INFO 12220 --- [SpringApplicationShutdownHook] com.zaxxer.hikari.HikariDataSource       : HikariPool-1 - Shutdown completed.
01:54:29:098  INFO 12227 --- [SpringApplicationShutdownHook] com.zaxxer.hikari.HikariDataSource       : HikariPool-1 - Shutdown initiated...
01:54:29:104  INFO 12227 --- [SpringApplicationShutdownHook] com.zaxxer.hikari.HikariDataSource       : HikariPool-1 - Shutdown completed.
01:54:37:035  INFO 26525 --- [main] com.hmall.item.ItemApplication           : Starting ItemApplication using Java 17.0.14 on zhuyuanzhuodeMacBook-Pro.local with PID 26525 (/Users/zhuyuanzhuo/code/IdeaProjects/hmall/item-service/target/classes started by zhuyuanzhuo in /Users/zhuyuanzhuo/code/IdeaProjects/hmall)
01:54:37:036 DEBUG 26525 --- [main] com.hmall.item.ItemApplication           : Running with Spring Boot v2.7.12, Spring v5.3.27
01:54:37:036  INFO 26525 --- [main] com.hmall.item.ItemApplication           : The following 1 profile is active: "local"
01:54:37:372  INFO 26525 --- [main] .s.d.r.c.RepositoryConfigurationDelegate : Multiple Spring Data modules found, entering strict repository configuration mode
01:54:37:373  INFO 26525 --- [main] .s.d.r.c.RepositoryConfigurationDelegate : Bootstrapping Spring Data Redis repositories in DEFAULT mode.
01:54:37:382  INFO 26525 --- [main] .s.d.r.c.RepositoryConfigurationDelegate : Finished Spring Data repository scanning in 3 ms. Found 0 Redis repository interfaces.
01:54:37:473  INFO 26525 --- [main] o.s.cloud.context.scope.GenericScope     : BeanFactory id=a901ec48-c10d-3e50-8911-69f178f8bf67
01:54:37:666  INFO 26525 --- [main] o.s.b.w.embedded.tomcat.TomcatWebServer  : Tomcat initialized with port(s): 8081 (http)
01:54:37:670  INFO 26525 --- [main] o.apache.catalina.core.StandardService   : Starting service [Tomcat]
01:54:37:670  INFO 26525 --- [main] org.apache.catalina.core.StandardEngine  : Starting Servlet engine: [Apache Tomcat/9.0.75]
01:54:37:715  INFO 26525 --- [main] o.a.c.c.C.[Tomcat].[localhost].[/]       : Initializing Spring embedded WebApplicationContext
01:54:37:716  INFO 26525 --- [main] w.s.c.ServletWebServerApplicationContext : Root WebApplicationContext: initialization completed in 663 ms
01:54:38:075  INFO 26525 --- [main] pertySourcedRequestMappingHandlerMapping : Mapped URL path [/v2/api-docs] onto method [springfox.documentation.swagger2.web.Swagger2ControllerWebMvc#getDocumentation(String, HttpServletRequest)]
01:54:38:310  INFO 26525 --- [main] com.alibaba.nacos.common.remote.client   : [RpcClientFactory] create a new rpc client of 2dccde2c-4de0-4ef6-b15e-dad664ce4443
01:54:38:336  INFO 26525 --- [main] org.reflections.Reflections              : Reflections took 11 ms to scan 1 urls, producing 3 keys and 6 values 
01:54:38:346  INFO 26525 --- [main] org.reflections.Reflections              : Reflections took 4 ms to scan 1 urls, producing 4 keys and 9 values 
01:54:38:350  INFO 26525 --- [main] org.reflections.Reflections              : Reflections took 3 ms to scan 1 urls, producing 3 keys and 10 values 
01:54:38:350  WARN 26525 --- [main] org.reflections.Reflections              : given scan urls are empty. set urls in the configuration
01:54:38:353  INFO 26525 --- [main] org.reflections.Reflections              : Reflections took 2 ms to scan 1 urls, producing 1 keys and 5 values 
01:54:38:359  INFO 26525 --- [main] org.reflections.Reflections              : Reflections took 5 ms to scan 1 urls, producing 1 keys and 7 values 
01:54:38:363  INFO 26525 --- [main] org.reflections.Reflections              : Reflections took 3 ms to scan 1 urls, producing 2 keys and 8 values 
01:54:38:363  WARN 26525 --- [main] org.reflections.Reflections              : given scan urls are empty. set urls in the configuration
01:54:38:364  INFO 26525 --- [main] com.alibaba.nacos.common.remote.client   : [2dccde2c-4de0-4ef6-b15e-dad664ce4443] RpcClient init label, labels = {module=naming, source=sdk}
01:54:38:364  INFO 26525 --- [main] com.alibaba.nacos.common.remote.client   : [2dccde2c-4de0-4ef6-b15e-dad664ce4443] RpcClient init, ServerListFactory = com.alibaba.nacos.client.naming.core.ServerListManager
01:54:38:365  INFO 26525 --- [main] com.alibaba.nacos.common.remote.client   : [2dccde2c-4de0-4ef6-b15e-dad664ce4443] Registry connection listener to current client:com.alibaba.nacos.client.naming.remote.gprc.redo.NamingGrpcRedoService
01:54:38:365  INFO 26525 --- [main] com.alibaba.nacos.common.remote.client   : [2dccde2c-4de0-4ef6-b15e-dad664ce4443] Register server push request handler:com.alibaba.nacos.client.naming.remote.gprc.NamingPushRequestHandler
01:54:38:365  INFO 26525 --- [main] com.alibaba.nacos.common.remote.client   : [2dccde2c-4de0-4ef6-b15e-dad664ce4443] Try to connect to server on start up, server: {serverIp = '172.16.125.128', server main port = 8848}
01:54:38:776  INFO 26525 --- [main] com.alibaba.nacos.common.remote.client   : [2dccde2c-4de0-4ef6-b15e-dad664ce4443] Success to connect to server [172.16.125.128:8848] on start up, connectionId = 1749578078709_172.16.125.1_52214
01:54:38:776  INFO 26525 --- [com.alibaba.nacos.client.remote.worker] com.alibaba.nacos.common.remote.client   : [2dccde2c-4de0-4ef6-b15e-dad664ce4443] Notify connected event to listeners.
01:54:38:777  INFO 26525 --- [main] com.alibaba.nacos.common.remote.client   : [2dccde2c-4de0-4ef6-b15e-dad664ce4443] Register server push request handler:com.alibaba.nacos.common.remote.client.RpcClient$ConnectResetRequestHandler
01:54:38:777  INFO 26525 --- [main] com.alibaba.nacos.common.remote.client   : [2dccde2c-4de0-4ef6-b15e-dad664ce4443] Register server push request handler:com.alibaba.nacos.common.remote.client.RpcClient$$Lambda$1087/0x00000070018a6048
01:54:38:828  INFO 26525 --- [main] o.s.b.w.embedded.tomcat.TomcatWebServer  : Tomcat started on port(s): 8081 (http) with context path ''
01:54:38:835  INFO 26525 --- [main] c.a.c.n.registry.NacosServiceRegistry    : nacos registry, DEFAULT_GROUP item-service 192.168.2.35:8081 register finished
01:54:38:838  INFO 26525 --- [main] d.s.w.p.DocumentationPluginsBootstrapper : Documentation plugins bootstrapped
01:54:38:839  INFO 26525 --- [main] d.s.w.p.DocumentationPluginsBootstrapper : Found 1 custom documentation plugin(s)
01:54:38:848  INFO 26525 --- [main] s.d.s.w.s.ApiListingReferenceScanner     : Scanning for api listing references
01:54:38:895  INFO 26525 --- [main] com.hmall.item.ItemApplication           : Started ItemApplication in 2.086 seconds (JVM running for 3.104)
01:54:39:348  INFO 26525 --- [nacos-grpc-client-executor-11] com.alibaba.nacos.common.remote.client   : [2dccde2c-4de0-4ef6-b15e-dad664ce4443] Receive server push request, request = NotifySubscriberRequest, requestId = 63
01:54:39:349  INFO 26525 --- [nacos-grpc-client-executor-11] com.alibaba.nacos.common.remote.client   : [2dccde2c-4de0-4ef6-b15e-dad664ce4443] Ack server push request, request = NotifySubscriberRequest, requestId = 63
01:54:42:298  WARN 26525 --- [Thread-7] c.a.n.common.http.HttpClientBeanHolder   : [HttpClientBeanHolder] Start destroying common HttpClient
01:54:42:298  WARN 26525 --- [Thread-4] c.a.nacos.common.notify.NotifyCenter     : [NotifyCenter] Start destroying Publisher
01:54:42:298  WARN 26525 --- [Thread-4] c.a.nacos.common.notify.NotifyCenter     : [NotifyCenter] Destruction of the end
01:54:42:299  WARN 26525 --- [Thread-7] c.a.n.common.http.HttpClientBeanHolder   : [HttpClientBeanHolder] Destruction of the end
01:54:43:337  INFO 26525 --- [SpringApplicationShutdownHook] c.a.c.n.registry.NacosServiceRegistry    : De-registering from Nacos Server now...
01:54:43:342  INFO 26525 --- [SpringApplicationShutdownHook] c.a.c.n.registry.NacosServiceRegistry    : De-registration finished.
01:54:43:863  INFO 26525 --- [nacos-grpc-client-executor-18] com.alibaba.nacos.common.remote.client   : [2dccde2c-4de0-4ef6-b15e-dad664ce4443] Receive server push request, request = NotifySubscriberRequest, requestId = 64
01:54:43:865  INFO 26525 --- [nacos-grpc-client-executor-18] com.alibaba.nacos.common.remote.client   : [2dccde2c-4de0-4ef6-b15e-dad664ce4443] Ack server push request, request = NotifySubscriberRequest, requestId = 64
01:54:43:968  INFO 26525 --- [SpringApplicationShutdownHook] com.alibaba.nacos.common.remote.client   : Shutdown rpc client, set status to shutdown
01:54:43:968  INFO 26525 --- [SpringApplicationShutdownHook] com.alibaba.nacos.common.remote.client   : Shutdown client event executor java.util.concurrent.ScheduledThreadPoolExecutor@58fccc0[Running, pool size = 2, active threads = 2, queued tasks = 0, completed tasks = 0]
01:54:43:968  INFO 26525 --- [SpringApplicationShutdownHook] com.alibaba.nacos.common.remote.client   : Close current connection 1749578078709_172.16.125.1_52214
01:54:43:971  INFO 26525 --- [nacos-grpc-client-executor-19] c.a.n.c.remote.client.grpc.GrpcClient    : [1749578078709_172.16.125.1_52214]Ignore complete event,isRunning:false,isAbandon=false
01:54:43:972  INFO 26525 --- [SpringApplicationShutdownHook] c.a.n.c.remote.client.grpc.GrpcClient    : Shutdown grpc executor java.util.concurrent.ThreadPoolExecutor@7c632376[Running, pool size = 20, active threads = 0, queued tasks = 0, completed tasks = 20]
01:56:53:252  INFO 26636 --- [main] com.hmall.item.ItemApplication           : Starting ItemApplication using Java 17.0.14 on zhuyuanzhuodeMacBook-Pro.local with PID 26636 (/Users/zhuyuanzhuo/code/IdeaProjects/hmall/item-service/target/classes started by zhuyuanzhuo in /Users/zhuyuanzhuo/code/IdeaProjects/hmall)
01:56:53:253 DEBUG 26636 --- [main] com.hmall.item.ItemApplication           : Running with Spring Boot v2.7.12, Spring v5.3.27
01:56:53:253  INFO 26636 --- [main] com.hmall.item.ItemApplication           : The following 1 profile is active: "local"
01:56:53:596  INFO 26636 --- [main] .s.d.r.c.RepositoryConfigurationDelegate : Multiple Spring Data modules found, entering strict repository configuration mode
01:56:53:597  INFO 26636 --- [main] .s.d.r.c.RepositoryConfigurationDelegate : Bootstrapping Spring Data Redis repositories in DEFAULT mode.
01:56:53:605  INFO 26636 --- [main] .s.d.r.c.RepositoryConfigurationDelegate : Finished Spring Data repository scanning in 3 ms. Found 0 Redis repository interfaces.
01:56:53:692  INFO 26636 --- [main] o.s.cloud.context.scope.GenericScope     : BeanFactory id=a901ec48-c10d-3e50-8911-69f178f8bf67
01:56:53:872  INFO 26636 --- [main] o.s.b.w.embedded.tomcat.TomcatWebServer  : Tomcat initialized with port(s): 8081 (http)
01:56:53:876  INFO 26636 --- [main] o.apache.catalina.core.StandardService   : Starting service [Tomcat]
01:56:53:876  INFO 26636 --- [main] org.apache.catalina.core.StandardEngine  : Starting Servlet engine: [Apache Tomcat/9.0.75]
01:56:53:923  INFO 26636 --- [main] o.a.c.c.C.[Tomcat].[localhost].[/]       : Initializing Spring embedded WebApplicationContext
01:56:53:923  INFO 26636 --- [main] w.s.c.ServletWebServerApplicationContext : Root WebApplicationContext: initialization completed in 653 ms
01:56:54:293  INFO 26636 --- [main] pertySourcedRequestMappingHandlerMapping : Mapped URL path [/v2/api-docs] onto method [springfox.documentation.swagger2.web.Swagger2ControllerWebMvc#getDocumentation(String, HttpServletRequest)]
01:56:54:547  INFO 26636 --- [main] com.alibaba.nacos.common.remote.client   : [RpcClientFactory] create a new rpc client of 9b36186e-e5bb-4b98-9d23-beea8bf8f4a2
01:56:54:574  INFO 26636 --- [main] org.reflections.Reflections              : Reflections took 11 ms to scan 1 urls, producing 3 keys and 6 values 
01:56:54:585  INFO 26636 --- [main] org.reflections.Reflections              : Reflections took 4 ms to scan 1 urls, producing 4 keys and 9 values 
01:56:54:589  INFO 26636 --- [main] org.reflections.Reflections              : Reflections took 3 ms to scan 1 urls, producing 3 keys and 10 values 
01:56:54:592  WARN 26636 --- [main] org.reflections.Reflections              : given scan urls are empty. set urls in the configuration
01:56:54:595  INFO 26636 --- [main] org.reflections.Reflections              : Reflections took 3 ms to scan 1 urls, producing 1 keys and 5 values 
01:56:54:602  INFO 26636 --- [main] org.reflections.Reflections              : Reflections took 6 ms to scan 1 urls, producing 1 keys and 7 values 
01:56:54:606  INFO 26636 --- [main] org.reflections.Reflections              : Reflections took 3 ms to scan 1 urls, producing 2 keys and 8 values 
01:56:54:607  WARN 26636 --- [main] org.reflections.Reflections              : given scan urls are empty. set urls in the configuration
01:56:54:608  INFO 26636 --- [main] com.alibaba.nacos.common.remote.client   : [9b36186e-e5bb-4b98-9d23-beea8bf8f4a2] RpcClient init label, labels = {module=naming, source=sdk}
01:56:54:609  INFO 26636 --- [main] com.alibaba.nacos.common.remote.client   : [9b36186e-e5bb-4b98-9d23-beea8bf8f4a2] RpcClient init, ServerListFactory = com.alibaba.nacos.client.naming.core.ServerListManager
01:56:54:609  INFO 26636 --- [main] com.alibaba.nacos.common.remote.client   : [9b36186e-e5bb-4b98-9d23-beea8bf8f4a2] Registry connection listener to current client:com.alibaba.nacos.client.naming.remote.gprc.redo.NamingGrpcRedoService
01:56:54:609  INFO 26636 --- [main] com.alibaba.nacos.common.remote.client   : [9b36186e-e5bb-4b98-9d23-beea8bf8f4a2] Register server push request handler:com.alibaba.nacos.client.naming.remote.gprc.NamingPushRequestHandler
01:56:54:611  INFO 26636 --- [main] com.alibaba.nacos.common.remote.client   : [9b36186e-e5bb-4b98-9d23-beea8bf8f4a2] Try to connect to server on start up, server: {serverIp = '172.16.125.128', server main port = 8848}
01:56:55:006  INFO 26636 --- [main] com.alibaba.nacos.common.remote.client   : [9b36186e-e5bb-4b98-9d23-beea8bf8f4a2] Success to connect to server [172.16.125.128:8848] on start up, connectionId = 1749578214967_172.16.125.1_53428
01:56:55:007  INFO 26636 --- [com.alibaba.nacos.client.remote.worker] com.alibaba.nacos.common.remote.client   : [9b36186e-e5bb-4b98-9d23-beea8bf8f4a2] Notify connected event to listeners.
01:56:55:007  INFO 26636 --- [main] com.alibaba.nacos.common.remote.client   : [9b36186e-e5bb-4b98-9d23-beea8bf8f4a2] Register server push request handler:com.alibaba.nacos.common.remote.client.RpcClient$ConnectResetRequestHandler
01:56:55:007  INFO 26636 --- [main] com.alibaba.nacos.common.remote.client   : [9b36186e-e5bb-4b98-9d23-beea8bf8f4a2] Register server push request handler:com.alibaba.nacos.common.remote.client.RpcClient$$Lambda$1087/0x00000078018c59b0
01:56:55:015  INFO 26642 --- [main] com.hmall.item.ItemApplication           : Starting ItemApplication using Java 17.0.14 on zhuyuanzhuodeMacBook-Pro.local with PID 26642 (/Users/zhuyuanzhuo/code/IdeaProjects/hmall/item-service/target/classes started by zhuyuanzhuo in /Users/zhuyuanzhuo/code/IdeaProjects/hmall)
01:56:55:015 DEBUG 26642 --- [main] com.hmall.item.ItemApplication           : Running with Spring Boot v2.7.12, Spring v5.3.27
01:56:55:015  INFO 26642 --- [main] com.hmall.item.ItemApplication           : The following 1 profile is active: "local"
01:56:55:050  INFO 26636 --- [main] o.s.b.w.embedded.tomcat.TomcatWebServer  : Tomcat started on port(s): 8081 (http) with context path ''
01:56:55:057  INFO 26636 --- [main] c.a.c.n.registry.NacosServiceRegistry    : nacos registry, DEFAULT_GROUP item-service 192.168.2.35:8081 register finished
01:56:55:059  INFO 26636 --- [main] d.s.w.p.DocumentationPluginsBootstrapper : Documentation plugins bootstrapped
01:56:55:060  INFO 26636 --- [main] d.s.w.p.DocumentationPluginsBootstrapper : Found 1 custom documentation plugin(s)
01:56:55:071  INFO 26636 --- [main] s.d.s.w.s.ApiListingReferenceScanner     : Scanning for api listing references
01:56:55:122  INFO 26636 --- [main] com.hmall.item.ItemApplication           : Started ItemApplication in 2.085 seconds (JVM running for 2.513)
01:56:55:343  INFO 26642 --- [main] .s.d.r.c.RepositoryConfigurationDelegate : Multiple Spring Data modules found, entering strict repository configuration mode
01:56:55:344  INFO 26642 --- [main] .s.d.r.c.RepositoryConfigurationDelegate : Bootstrapping Spring Data Redis repositories in DEFAULT mode.
01:56:55:353  INFO 26642 --- [main] .s.d.r.c.RepositoryConfigurationDelegate : Finished Spring Data repository scanning in 3 ms. Found 0 Redis repository interfaces.
01:56:55:445  INFO 26642 --- [main] o.s.cloud.context.scope.GenericScope     : BeanFactory id=a901ec48-c10d-3e50-8911-69f178f8bf67
01:56:55:546  INFO 26636 --- [nacos-grpc-client-executor-11] com.alibaba.nacos.common.remote.client   : [9b36186e-e5bb-4b98-9d23-beea8bf8f4a2] Receive server push request, request = NotifySubscriberRequest, requestId = 73
01:56:55:549  INFO 26636 --- [nacos-grpc-client-executor-11] com.alibaba.nacos.common.remote.client   : [9b36186e-e5bb-4b98-9d23-beea8bf8f4a2] Ack server push request, request = NotifySubscriberRequest, requestId = 73
01:56:55:661  INFO 26642 --- [main] o.s.b.w.embedded.tomcat.TomcatWebServer  : Tomcat initialized with port(s): 8083 (http)
01:56:55:665  INFO 26642 --- [main] o.apache.catalina.core.StandardService   : Starting service [Tomcat]
01:56:55:665  INFO 26642 --- [main] org.apache.catalina.core.StandardEngine  : Starting Servlet engine: [Apache Tomcat/9.0.75]
01:56:55:709  INFO 26642 --- [main] o.a.c.c.C.[Tomcat].[localhost].[/]       : Initializing Spring embedded WebApplicationContext
01:56:55:709  INFO 26642 --- [main] w.s.c.ServletWebServerApplicationContext : Root WebApplicationContext: initialization completed in 678 ms
01:56:56:058  INFO 26642 --- [main] pertySourcedRequestMappingHandlerMapping : Mapped URL path [/v2/api-docs] onto method [springfox.documentation.swagger2.web.Swagger2ControllerWebMvc#getDocumentation(String, HttpServletRequest)]
01:56:56:310  INFO 26642 --- [main] com.alibaba.nacos.common.remote.client   : [RpcClientFactory] create a new rpc client of 05d8eed3-f09e-4e7a-9503-15a4c463d9e9
01:56:56:339  INFO 26642 --- [main] org.reflections.Reflections              : Reflections took 12 ms to scan 1 urls, producing 3 keys and 6 values 
01:56:56:350  INFO 26642 --- [main] org.reflections.Reflections              : Reflections took 4 ms to scan 1 urls, producing 4 keys and 9 values 
01:56:56:355  INFO 26642 --- [main] org.reflections.Reflections              : Reflections took 4 ms to scan 1 urls, producing 3 keys and 10 values 
01:56:56:356  WARN 26642 --- [main] org.reflections.Reflections              : given scan urls are empty. set urls in the configuration
01:56:56:359  INFO 26642 --- [main] org.reflections.Reflections              : Reflections took 3 ms to scan 1 urls, producing 1 keys and 5 values 
01:56:56:366  INFO 26642 --- [main] org.reflections.Reflections              : Reflections took 6 ms to scan 1 urls, producing 1 keys and 7 values 
01:56:56:370  INFO 26642 --- [main] org.reflections.Reflections              : Reflections took 3 ms to scan 1 urls, producing 2 keys and 8 values 
01:56:56:371  WARN 26642 --- [main] org.reflections.Reflections              : given scan urls are empty. set urls in the configuration
01:56:56:372  INFO 26642 --- [main] com.alibaba.nacos.common.remote.client   : [05d8eed3-f09e-4e7a-9503-15a4c463d9e9] RpcClient init label, labels = {module=naming, source=sdk}
01:56:56:373  INFO 26642 --- [main] com.alibaba.nacos.common.remote.client   : [05d8eed3-f09e-4e7a-9503-15a4c463d9e9] RpcClient init, ServerListFactory = com.alibaba.nacos.client.naming.core.ServerListManager
01:56:56:373  INFO 26642 --- [main] com.alibaba.nacos.common.remote.client   : [05d8eed3-f09e-4e7a-9503-15a4c463d9e9] Registry connection listener to current client:com.alibaba.nacos.client.naming.remote.gprc.redo.NamingGrpcRedoService
01:56:56:373  INFO 26642 --- [main] com.alibaba.nacos.common.remote.client   : [05d8eed3-f09e-4e7a-9503-15a4c463d9e9] Register server push request handler:com.alibaba.nacos.client.naming.remote.gprc.NamingPushRequestHandler
01:56:56:374  INFO 26642 --- [main] com.alibaba.nacos.common.remote.client   : [05d8eed3-f09e-4e7a-9503-15a4c463d9e9] Try to connect to server on start up, server: {serverIp = '172.16.125.128', server main port = 8848}
01:56:56:783  INFO 26642 --- [main] com.alibaba.nacos.common.remote.client   : [05d8eed3-f09e-4e7a-9503-15a4c463d9e9] Success to connect to server [172.16.125.128:8848] on start up, connectionId = 1749578216742_172.16.125.1_53453
01:56:56:783  INFO 26642 --- [com.alibaba.nacos.client.remote.worker] com.alibaba.nacos.common.remote.client   : [05d8eed3-f09e-4e7a-9503-15a4c463d9e9] Notify connected event to listeners.
01:56:56:783  INFO 26642 --- [main] com.alibaba.nacos.common.remote.client   : [05d8eed3-f09e-4e7a-9503-15a4c463d9e9] Register server push request handler:com.alibaba.nacos.common.remote.client.RpcClient$ConnectResetRequestHandler
01:56:56:783  INFO 26642 --- [main] com.alibaba.nacos.common.remote.client   : [05d8eed3-f09e-4e7a-9503-15a4c463d9e9] Register server push request handler:com.alibaba.nacos.common.remote.client.RpcClient$$Lambda$1087/0x00000070018a4c18
01:56:56:832  INFO 26642 --- [main] o.s.b.w.embedded.tomcat.TomcatWebServer  : Tomcat started on port(s): 8083 (http) with context path ''
01:56:56:838  INFO 26642 --- [main] c.a.c.n.registry.NacosServiceRegistry    : nacos registry, DEFAULT_GROUP item-service 192.168.2.35:8083 register finished
01:56:56:840  INFO 26642 --- [main] d.s.w.p.DocumentationPluginsBootstrapper : Documentation plugins bootstrapped
01:56:56:841  INFO 26642 --- [main] d.s.w.p.DocumentationPluginsBootstrapper : Found 1 custom documentation plugin(s)
01:56:56:852  INFO 26642 --- [main] s.d.s.w.s.ApiListingReferenceScanner     : Scanning for api listing references
01:56:56:904  INFO 26642 --- [main] com.hmall.item.ItemApplication           : Started ItemApplication in 2.11 seconds (JVM running for 2.544)
01:56:57:351  INFO 26636 --- [nacos-grpc-client-executor-15] com.alibaba.nacos.common.remote.client   : [9b36186e-e5bb-4b98-9d23-beea8bf8f4a2] Receive server push request, request = NotifySubscriberRequest, requestId = 74
01:56:57:351  INFO 26636 --- [nacos-grpc-client-executor-15] com.alibaba.nacos.common.remote.client   : [9b36186e-e5bb-4b98-9d23-beea8bf8f4a2] Ack server push request, request = NotifySubscriberRequest, requestId = 74
01:56:57:356  INFO 26642 --- [nacos-grpc-client-executor-12] com.alibaba.nacos.common.remote.client   : [05d8eed3-f09e-4e7a-9503-15a4c463d9e9] Receive server push request, request = NotifySubscriberRequest, requestId = 75
01:56:57:357  INFO 26642 --- [nacos-grpc-client-executor-12] com.alibaba.nacos.common.remote.client   : [05d8eed3-f09e-4e7a-9503-15a4c463d9e9] Ack server push request, request = NotifySubscriberRequest, requestId = 75
