19:19:24:795  INFO 11701 --- [main] com.hmall.user.UserApplication           : Starting UserApplication using Java 17.0.14 on zhuyuanzhuodeMacBook-Pro.local with PID 11701 (/Users/zhuyuanzhuo/code/IdeaProjects/hmall/user-service/target/classes started by zhuyuanzhuo in /Users/zhuyuanzhuo/code/IdeaProjects/hmall)
19:19:24:795 DEBUG 11701 --- [main] com.hmall.user.UserApplication           : Running with Spring Boot v2.7.12, Spring v5.3.27
19:19:24:795  INFO 11701 --- [main] com.hmall.user.UserApplication           : The following 1 profile is active: "dev"
19:19:25:092  INFO 11701 --- [main] .s.d.r.c.RepositoryConfigurationDelegate : Multiple Spring Data modules found, entering strict repository configuration mode
19:19:25:093  INFO 11701 --- [main] .s.d.r.c.RepositoryConfigurationDelegate : Bootstrapping Spring Data Redis repositories in DEFAULT mode.
19:19:25:100  INFO 11701 --- [main] .s.d.r.c.RepositoryConfigurationDelegate : Finished Spring Data repository scanning in 2 ms. Found 0 Redis repository interfaces.
19:19:25:185  INFO 11701 --- [main] o.s.cloud.context.scope.GenericScope     : BeanFactory id=183f1dfa-fce9-30a7-a900-c30a01b4c92e
19:19:25:361  INFO 11701 --- [main] o.s.b.w.embedded.tomcat.TomcatWebServer  : Tomcat initialized with port(s): 8084 (http)
19:19:25:366  INFO 11701 --- [main] o.apache.catalina.core.StandardService   : Starting service [Tomcat]
19:19:25:366  INFO 11701 --- [main] org.apache.catalina.core.StandardEngine  : Starting Servlet engine: [Apache Tomcat/9.0.75]
19:19:25:410  INFO 11701 --- [main] o.a.c.c.C.[Tomcat].[localhost].[/]       : Initializing Spring embedded WebApplicationContext
19:19:25:410  INFO 11701 --- [main] w.s.c.ServletWebServerApplicationContext : Root WebApplicationContext: initialization completed in 600 ms
19:19:25:894  INFO 11701 --- [main] pertySourcedRequestMappingHandlerMapping : Mapped URL path [/v2/api-docs] onto method [springfox.documentation.swagger2.web.Swagger2ControllerWebMvc#getDocumentation(String, HttpServletRequest)]
19:19:26:123  INFO 11701 --- [main] com.alibaba.nacos.common.remote.client   : [RpcClientFactory] create a new rpc client of 8d7c8465-5f05-424b-a293-76a1e6a096c8
19:19:26:146  INFO 11701 --- [main] org.reflections.Reflections              : Reflections took 9 ms to scan 1 urls, producing 3 keys and 6 values 
19:19:26:157  INFO 11701 --- [main] org.reflections.Reflections              : Reflections took 5 ms to scan 1 urls, producing 4 keys and 9 values 
19:19:26:161  INFO 11701 --- [main] org.reflections.Reflections              : Reflections took 3 ms to scan 1 urls, producing 3 keys and 10 values 
19:19:26:162  WARN 11701 --- [main] org.reflections.Reflections              : given scan urls are empty. set urls in the configuration
19:19:26:165  INFO 11701 --- [main] org.reflections.Reflections              : Reflections took 3 ms to scan 1 urls, producing 1 keys and 5 values 
19:19:26:168  INFO 11701 --- [main] org.reflections.Reflections              : Reflections took 3 ms to scan 1 urls, producing 1 keys and 7 values 
19:19:26:172  INFO 11701 --- [main] org.reflections.Reflections              : Reflections took 3 ms to scan 1 urls, producing 2 keys and 8 values 
19:19:26:172  WARN 11701 --- [main] org.reflections.Reflections              : given scan urls are empty. set urls in the configuration
19:19:26:173  INFO 11701 --- [main] com.alibaba.nacos.common.remote.client   : [8d7c8465-5f05-424b-a293-76a1e6a096c8] RpcClient init label, labels = {module=naming, source=sdk}
19:19:26:174  INFO 11701 --- [main] com.alibaba.nacos.common.remote.client   : [8d7c8465-5f05-424b-a293-76a1e6a096c8] RpcClient init, ServerListFactory = com.alibaba.nacos.client.naming.core.ServerListManager
19:19:26:174  INFO 11701 --- [main] com.alibaba.nacos.common.remote.client   : [8d7c8465-5f05-424b-a293-76a1e6a096c8] Registry connection listener to current client:com.alibaba.nacos.client.naming.remote.gprc.redo.NamingGrpcRedoService
19:19:26:174  INFO 11701 --- [main] com.alibaba.nacos.common.remote.client   : [8d7c8465-5f05-424b-a293-76a1e6a096c8] Register server push request handler:com.alibaba.nacos.client.naming.remote.gprc.NamingPushRequestHandler
19:19:26:174  INFO 11701 --- [main] com.alibaba.nacos.common.remote.client   : [8d7c8465-5f05-424b-a293-76a1e6a096c8] Try to connect to server on start up, server: {serverIp = '172.16.125.128', server main port = 8848}
19:19:26:519  INFO 11701 --- [main] com.alibaba.nacos.common.remote.client   : [8d7c8465-5f05-424b-a293-76a1e6a096c8] Success to connect to server [172.16.125.128:8848] on start up, connectionId = 1749554366404_172.16.125.1_54697
19:19:26:519  INFO 11701 --- [com.alibaba.nacos.client.remote.worker] com.alibaba.nacos.common.remote.client   : [8d7c8465-5f05-424b-a293-76a1e6a096c8] Notify connected event to listeners.
19:19:26:519  INFO 11701 --- [main] com.alibaba.nacos.common.remote.client   : [8d7c8465-5f05-424b-a293-76a1e6a096c8] Register server push request handler:com.alibaba.nacos.common.remote.client.RpcClient$ConnectResetRequestHandler
19:19:26:520  INFO 11701 --- [main] com.alibaba.nacos.common.remote.client   : [8d7c8465-5f05-424b-a293-76a1e6a096c8] Register server push request handler:com.alibaba.nacos.common.remote.client.RpcClient$$Lambda$1107/0x000000a801929f48
19:19:26:574  INFO 11701 --- [main] o.s.b.w.embedded.tomcat.TomcatWebServer  : Tomcat started on port(s): 8084 (http) with context path ''
19:19:26:582  INFO 11701 --- [main] c.a.c.n.registry.NacosServiceRegistry    : nacos registry, DEFAULT_GROUP user-service 192.168.2.35:8084 register finished
19:19:26:584  INFO 11701 --- [main] d.s.w.p.DocumentationPluginsBootstrapper : Documentation plugins bootstrapped
19:19:26:586  INFO 11701 --- [main] d.s.w.p.DocumentationPluginsBootstrapper : Found 1 custom documentation plugin(s)
19:19:26:594  INFO 11701 --- [main] s.d.s.w.s.ApiListingReferenceScanner     : Scanning for api listing references
19:19:26:632  INFO 11701 --- [main] com.hmall.user.UserApplication           : Started UserApplication in 2.032 seconds (JVM running for 2.383)
19:19:27:129  INFO 11701 --- [nacos-grpc-client-executor-11] com.alibaba.nacos.common.remote.client   : [8d7c8465-5f05-424b-a293-76a1e6a096c8] Receive server push request, request = NotifySubscriberRequest, requestId = 55
19:19:27:130  INFO 11701 --- [nacos-grpc-client-executor-11] com.alibaba.nacos.common.remote.client   : [8d7c8465-5f05-424b-a293-76a1e6a096c8] Ack server push request, request = NotifySubscriberRequest, requestId = 55
19:32:48:886  WARN 11701 --- [Thread-7] c.a.n.common.http.HttpClientBeanHolder   : [HttpClientBeanHolder] Start destroying common HttpClient
19:32:48:886  WARN 11701 --- [Thread-4] c.a.nacos.common.notify.NotifyCenter     : [NotifyCenter] Start destroying Publisher
19:32:48:887  WARN 11701 --- [Thread-4] c.a.nacos.common.notify.NotifyCenter     : [NotifyCenter] Destruction of the end
19:32:48:888  WARN 11701 --- [Thread-7] c.a.n.common.http.HttpClientBeanHolder   : [HttpClientBeanHolder] Destruction of the end
19:32:49:932  INFO 11701 --- [SpringApplicationShutdownHook] c.a.c.n.registry.NacosServiceRegistry    : De-registering from Nacos Server now...
19:32:49:938  INFO 11701 --- [SpringApplicationShutdownHook] c.a.c.n.registry.NacosServiceRegistry    : De-registration finished.
19:32:50:255  INFO 11701 --- [SpringApplicationShutdownHook] com.alibaba.nacos.common.remote.client   : Shutdown rpc client, set status to shutdown
19:32:50:255  INFO 11701 --- [SpringApplicationShutdownHook] com.alibaba.nacos.common.remote.client   : Shutdown client event executor java.util.concurrent.ScheduledThreadPoolExecutor@58dab686[Running, pool size = 2, active threads = 2, queued tasks = 0, completed tasks = 0]
19:32:50:255  INFO 11701 --- [SpringApplicationShutdownHook] com.alibaba.nacos.common.remote.client   : Close current connection 1749554366404_172.16.125.1_54697
19:32:50:257  INFO 11701 --- [nacos-grpc-client-executor-255] c.a.n.c.remote.client.grpc.GrpcClient    : [1749554366404_172.16.125.1_54697]Ignore complete event,isRunning:false,isAbandon=false
19:32:50:260  INFO 11701 --- [SpringApplicationShutdownHook] c.a.n.c.remote.client.grpc.GrpcClient    : Shutdown grpc executor java.util.concurrent.ThreadPoolExecutor@6c362aa2[Running, pool size = 6, active threads = 0, queued tasks = 0, completed tasks = 256]
19:32:54:366  INFO 12139 --- [main] com.hmall.user.UserApplication           : Starting UserApplication using Java 17.0.14 on zhuyuanzhuodeMacBook-Pro.local with PID 12139 (/Users/zhuyuanzhuo/code/IdeaProjects/hmall/user-service/target/classes started by zhuyuanzhuo in /Users/zhuyuanzhuo/code/IdeaProjects/hmall)
19:32:54:367 DEBUG 12139 --- [main] com.hmall.user.UserApplication           : Running with Spring Boot v2.7.12, Spring v5.3.27
19:32:54:367  INFO 12139 --- [main] com.hmall.user.UserApplication           : The following 1 profile is active: "local"
19:32:54:654  INFO 12139 --- [main] .s.d.r.c.RepositoryConfigurationDelegate : Multiple Spring Data modules found, entering strict repository configuration mode
19:32:54:655  INFO 12139 --- [main] .s.d.r.c.RepositoryConfigurationDelegate : Bootstrapping Spring Data Redis repositories in DEFAULT mode.
19:32:54:662  INFO 12139 --- [main] .s.d.r.c.RepositoryConfigurationDelegate : Finished Spring Data repository scanning in 2 ms. Found 0 Redis repository interfaces.
19:32:54:744  INFO 12139 --- [main] o.s.cloud.context.scope.GenericScope     : BeanFactory id=183f1dfa-fce9-30a7-a900-c30a01b4c92e
19:32:54:918  INFO 12139 --- [main] o.s.b.w.embedded.tomcat.TomcatWebServer  : Tomcat initialized with port(s): 8084 (http)
19:32:54:922  INFO 12139 --- [main] o.apache.catalina.core.StandardService   : Starting service [Tomcat]
19:32:54:922  INFO 12139 --- [main] org.apache.catalina.core.StandardEngine  : Starting Servlet engine: [Apache Tomcat/9.0.75]
19:32:54:963  INFO 12139 --- [main] o.a.c.c.C.[Tomcat].[localhost].[/]       : Initializing Spring embedded WebApplicationContext
19:32:54:963  INFO 12139 --- [main] w.s.c.ServletWebServerApplicationContext : Root WebApplicationContext: initialization completed in 580 ms
19:32:55:447  INFO 12139 --- [main] pertySourcedRequestMappingHandlerMapping : Mapped URL path [/v2/api-docs] onto method [springfox.documentation.swagger2.web.Swagger2ControllerWebMvc#getDocumentation(String, HttpServletRequest)]
19:32:55:699  INFO 12139 --- [main] com.alibaba.nacos.common.remote.client   : [RpcClientFactory] create a new rpc client of 90e2831c-9981-42a5-a507-d751e82b167a
19:32:55:721  INFO 12139 --- [main] org.reflections.Reflections              : Reflections took 10 ms to scan 1 urls, producing 3 keys and 6 values 
19:32:55:730  INFO 12139 --- [main] org.reflections.Reflections              : Reflections took 4 ms to scan 1 urls, producing 4 keys and 9 values 
19:32:55:734  INFO 12139 --- [main] org.reflections.Reflections              : Reflections took 3 ms to scan 1 urls, producing 3 keys and 10 values 
19:32:55:734  WARN 12139 --- [main] org.reflections.Reflections              : given scan urls are empty. set urls in the configuration
19:32:55:739  INFO 12139 --- [main] org.reflections.Reflections              : Reflections took 5 ms to scan 1 urls, producing 1 keys and 5 values 
19:32:55:742  INFO 12139 --- [main] org.reflections.Reflections              : Reflections took 3 ms to scan 1 urls, producing 1 keys and 7 values 
19:32:55:746  INFO 12139 --- [main] org.reflections.Reflections              : Reflections took 3 ms to scan 1 urls, producing 2 keys and 8 values 
19:32:55:746  WARN 12139 --- [main] org.reflections.Reflections              : given scan urls are empty. set urls in the configuration
19:32:55:747  INFO 12139 --- [main] com.alibaba.nacos.common.remote.client   : [90e2831c-9981-42a5-a507-d751e82b167a] RpcClient init label, labels = {module=naming, source=sdk}
19:32:55:748  INFO 12139 --- [main] com.alibaba.nacos.common.remote.client   : [90e2831c-9981-42a5-a507-d751e82b167a] RpcClient init, ServerListFactory = com.alibaba.nacos.client.naming.core.ServerListManager
19:32:55:748  INFO 12139 --- [main] com.alibaba.nacos.common.remote.client   : [90e2831c-9981-42a5-a507-d751e82b167a] Registry connection listener to current client:com.alibaba.nacos.client.naming.remote.gprc.redo.NamingGrpcRedoService
19:32:55:748  INFO 12139 --- [main] com.alibaba.nacos.common.remote.client   : [90e2831c-9981-42a5-a507-d751e82b167a] Register server push request handler:com.alibaba.nacos.client.naming.remote.gprc.NamingPushRequestHandler
19:32:55:748  INFO 12139 --- [main] com.alibaba.nacos.common.remote.client   : [90e2831c-9981-42a5-a507-d751e82b167a] Try to connect to server on start up, server: {serverIp = '172.16.125.128', server main port = 8848}
19:32:56:093  INFO 12139 --- [main] com.alibaba.nacos.common.remote.client   : [90e2831c-9981-42a5-a507-d751e82b167a] Success to connect to server [172.16.125.128:8848] on start up, connectionId = 1749555175968_172.16.125.1_61347
19:32:56:093  INFO 12139 --- [com.alibaba.nacos.client.remote.worker] com.alibaba.nacos.common.remote.client   : [90e2831c-9981-42a5-a507-d751e82b167a] Notify connected event to listeners.
19:32:56:094  INFO 12139 --- [main] com.alibaba.nacos.common.remote.client   : [90e2831c-9981-42a5-a507-d751e82b167a] Register server push request handler:com.alibaba.nacos.common.remote.client.RpcClient$ConnectResetRequestHandler
19:32:56:094  INFO 12139 --- [main] com.alibaba.nacos.common.remote.client   : [90e2831c-9981-42a5-a507-d751e82b167a] Register server push request handler:com.alibaba.nacos.common.remote.client.RpcClient$$Lambda$1107/0x0000009801929b30
19:32:56:145  INFO 12139 --- [main] o.s.b.w.embedded.tomcat.TomcatWebServer  : Tomcat started on port(s): 8084 (http) with context path ''
19:32:56:153  INFO 12139 --- [main] c.a.c.n.registry.NacosServiceRegistry    : nacos registry, DEFAULT_GROUP user-service 192.168.2.35:8084 register finished
19:32:56:155  INFO 12139 --- [main] d.s.w.p.DocumentationPluginsBootstrapper : Documentation plugins bootstrapped
19:32:56:156  INFO 12139 --- [main] d.s.w.p.DocumentationPluginsBootstrapper : Found 1 custom documentation plugin(s)
19:32:56:163  INFO 12139 --- [main] s.d.s.w.s.ApiListingReferenceScanner     : Scanning for api listing references
19:32:56:199  INFO 12139 --- [main] com.hmall.user.UserApplication           : Started UserApplication in 2.021 seconds (JVM running for 2.383)
19:32:56:687  INFO 12139 --- [nacos-grpc-client-executor-11] com.alibaba.nacos.common.remote.client   : [90e2831c-9981-42a5-a507-d751e82b167a] Receive server push request, request = NotifySubscriberRequest, requestId = 56
19:32:56:688  INFO 12139 --- [nacos-grpc-client-executor-11] com.alibaba.nacos.common.remote.client   : [90e2831c-9981-42a5-a507-d751e82b167a] Ack server push request, request = NotifySubscriberRequest, requestId = 56
19:33:07:019  INFO 12139 --- [http-nio-8084-exec-1] o.a.c.c.C.[Tomcat].[localhost].[/]       : Initializing Spring DispatcherServlet 'dispatcherServlet'
19:33:07:019  INFO 12139 --- [http-nio-8084-exec-1] o.s.web.servlet.DispatcherServlet        : Initializing Servlet 'dispatcherServlet'
19:33:07:020  INFO 12139 --- [http-nio-8084-exec-1] o.s.web.servlet.DispatcherServlet        : Completed initialization in 1 ms
19:33:32:163  INFO 12139 --- [http-nio-8084-exec-3] com.zaxxer.hikari.HikariDataSource       : HikariPool-1 - Starting...
19:33:32:280  INFO 12139 --- [http-nio-8084-exec-3] com.zaxxer.hikari.HikariDataSource       : HikariPool-1 - Start completed.
19:33:32:283 DEBUG 12139 --- [http-nio-8084-exec-3] c.h.u.mapper.AddressMapper.selectById    : ==>  Preparing: SELECT id,user_id,province,city,town,mobile,street,contact,is_default,notes FROM address WHERE id=?
19:33:32:292 DEBUG 12139 --- [http-nio-8084-exec-3] c.h.u.mapper.AddressMapper.selectById    : ==> Parameters: 60(Long)
19:33:32:304 DEBUG 12139 --- [http-nio-8084-exec-3] c.h.u.mapper.AddressMapper.selectById    : <==      Total: 1
19:33:32:309 ERROR 12139 --- [http-nio-8084-exec-3] o.a.c.c.C.[.[.[/].[dispatcherServlet]    : Servlet.service() for servlet [dispatcherServlet] in context with path [] threw exception [Request processing failed; nested exception is com.hmall.common.exception.BadRequestException: 地址不属于当前登录用户] with root cause

com.hmall.common.exception.BadRequestException: 地址不属于当前登录用户
	at com.hmall.user.controller.AddressController.findAddressById(AddressController.java:45) ~[classes/:na]
	at java.base/jdk.internal.reflect.NativeMethodAccessorImpl.invoke0(Native Method) ~[na:na]
	at java.base/jdk.internal.reflect.NativeMethodAccessorImpl.invoke(NativeMethodAccessorImpl.java:77) ~[na:na]
	at java.base/jdk.internal.reflect.DelegatingMethodAccessorImpl.invoke(DelegatingMethodAccessorImpl.java:43) ~[na:na]
	at java.base/java.lang.reflect.Method.invoke(Method.java:569) ~[na:na]
	at org.springframework.web.method.support.InvocableHandlerMethod.doInvoke(InvocableHandlerMethod.java:205) ~[spring-web-5.3.27.jar:5.3.27]
	at org.springframework.web.method.support.InvocableHandlerMethod.invokeForRequest(InvocableHandlerMethod.java:150) ~[spring-web-5.3.27.jar:5.3.27]
	at org.springframework.web.servlet.mvc.method.annotation.ServletInvocableHandlerMethod.invokeAndHandle(ServletInvocableHandlerMethod.java:117) ~[spring-webmvc-5.3.27.jar:5.3.27]
	at org.springframework.web.servlet.mvc.method.annotation.RequestMappingHandlerAdapter.invokeHandlerMethod(RequestMappingHandlerAdapter.java:895) ~[spring-webmvc-5.3.27.jar:5.3.27]
	at org.springframework.web.servlet.mvc.method.annotation.RequestMappingHandlerAdapter.handleInternal(RequestMappingHandlerAdapter.java:808) ~[spring-webmvc-5.3.27.jar:5.3.27]
	at org.springframework.web.servlet.mvc.method.AbstractHandlerMethodAdapter.handle(AbstractHandlerMethodAdapter.java:87) ~[spring-webmvc-5.3.27.jar:5.3.27]
	at org.springframework.web.servlet.DispatcherServlet.doDispatch(DispatcherServlet.java:1072) ~[spring-webmvc-5.3.27.jar:5.3.27]
	at org.springframework.web.servlet.DispatcherServlet.doService(DispatcherServlet.java:965) ~[spring-webmvc-5.3.27.jar:5.3.27]
	at org.springframework.web.servlet.FrameworkServlet.processRequest(FrameworkServlet.java:1006) ~[spring-webmvc-5.3.27.jar:5.3.27]
	at org.springframework.web.servlet.FrameworkServlet.doGet(FrameworkServlet.java:898) ~[spring-webmvc-5.3.27.jar:5.3.27]
	at javax.servlet.http.HttpServlet.service(HttpServlet.java:529) ~[tomcat-embed-core-9.0.75.jar:4.0.FR]
	at org.springframework.web.servlet.FrameworkServlet.service(FrameworkServlet.java:883) ~[spring-webmvc-5.3.27.jar:5.3.27]
	at javax.servlet.http.HttpServlet.service(HttpServlet.java:623) ~[tomcat-embed-core-9.0.75.jar:4.0.FR]
	at org.apache.catalina.core.ApplicationFilterChain.internalDoFilter(ApplicationFilterChain.java:209) ~[tomcat-embed-core-9.0.75.jar:9.0.75]
	at org.apache.catalina.core.ApplicationFilterChain.doFilter(ApplicationFilterChain.java:153) ~[tomcat-embed-core-9.0.75.jar:9.0.75]
	at org.apache.tomcat.websocket.server.WsFilter.doFilter(WsFilter.java:51) ~[tomcat-embed-websocket-9.0.75.jar:9.0.75]
	at org.apache.catalina.core.ApplicationFilterChain.internalDoFilter(ApplicationFilterChain.java:178) ~[tomcat-embed-core-9.0.75.jar:9.0.75]
	at org.apache.catalina.core.ApplicationFilterChain.doFilter(ApplicationFilterChain.java:153) ~[tomcat-embed-core-9.0.75.jar:9.0.75]
	at org.springframework.web.filter.RequestContextFilter.doFilterInternal(RequestContextFilter.java:100) ~[spring-web-5.3.27.jar:5.3.27]
	at org.springframework.web.filter.OncePerRequestFilter.doFilter(OncePerRequestFilter.java:117) ~[spring-web-5.3.27.jar:5.3.27]
	at org.apache.catalina.core.ApplicationFilterChain.internalDoFilter(ApplicationFilterChain.java:178) ~[tomcat-embed-core-9.0.75.jar:9.0.75]
	at org.apache.catalina.core.ApplicationFilterChain.doFilter(ApplicationFilterChain.java:153) ~[tomcat-embed-core-9.0.75.jar:9.0.75]
	at org.springframework.web.filter.FormContentFilter.doFilterInternal(FormContentFilter.java:93) ~[spring-web-5.3.27.jar:5.3.27]
	at org.springframework.web.filter.OncePerRequestFilter.doFilter(OncePerRequestFilter.java:117) ~[spring-web-5.3.27.jar:5.3.27]
	at org.apache.catalina.core.ApplicationFilterChain.internalDoFilter(ApplicationFilterChain.java:178) ~[tomcat-embed-core-9.0.75.jar:9.0.75]
	at org.apache.catalina.core.ApplicationFilterChain.doFilter(ApplicationFilterChain.java:153) ~[tomcat-embed-core-9.0.75.jar:9.0.75]
	at org.springframework.web.filter.CharacterEncodingFilter.doFilterInternal(CharacterEncodingFilter.java:201) ~[spring-web-5.3.27.jar:5.3.27]
	at org.springframework.web.filter.OncePerRequestFilter.doFilter(OncePerRequestFilter.java:117) ~[spring-web-5.3.27.jar:5.3.27]
	at org.apache.catalina.core.ApplicationFilterChain.internalDoFilter(ApplicationFilterChain.java:178) ~[tomcat-embed-core-9.0.75.jar:9.0.75]
	at org.apache.catalina.core.ApplicationFilterChain.doFilter(ApplicationFilterChain.java:153) ~[tomcat-embed-core-9.0.75.jar:9.0.75]
	at org.apache.catalina.core.StandardWrapperValve.invoke(StandardWrapperValve.java:167) ~[tomcat-embed-core-9.0.75.jar:9.0.75]
	at org.apache.catalina.core.StandardContextValve.invoke(StandardContextValve.java:90) ~[tomcat-embed-core-9.0.75.jar:9.0.75]
	at org.apache.catalina.authenticator.AuthenticatorBase.invoke(AuthenticatorBase.java:481) ~[tomcat-embed-core-9.0.75.jar:9.0.75]
	at org.apache.catalina.core.StandardHostValve.invoke(StandardHostValve.java:130) ~[tomcat-embed-core-9.0.75.jar:9.0.75]
	at org.apache.catalina.valves.ErrorReportValve.invoke(ErrorReportValve.java:93) ~[tomcat-embed-core-9.0.75.jar:9.0.75]
	at org.apache.catalina.core.StandardEngineValve.invoke(StandardEngineValve.java:74) ~[tomcat-embed-core-9.0.75.jar:9.0.75]
	at org.apache.catalina.connector.CoyoteAdapter.service(CoyoteAdapter.java:343) ~[tomcat-embed-core-9.0.75.jar:9.0.75]
	at org.apache.coyote.http11.Http11Processor.service(Http11Processor.java:390) ~[tomcat-embed-core-9.0.75.jar:9.0.75]
	at org.apache.coyote.AbstractProcessorLight.process(AbstractProcessorLight.java:63) ~[tomcat-embed-core-9.0.75.jar:9.0.75]
	at org.apache.coyote.AbstractProtocol$ConnectionHandler.process(AbstractProtocol.java:926) ~[tomcat-embed-core-9.0.75.jar:9.0.75]
	at org.apache.tomcat.util.net.NioEndpoint$SocketProcessor.doRun(NioEndpoint.java:1791) ~[tomcat-embed-core-9.0.75.jar:9.0.75]
	at org.apache.tomcat.util.net.SocketProcessorBase.run(SocketProcessorBase.java:52) ~[tomcat-embed-core-9.0.75.jar:9.0.75]
	at org.apache.tomcat.util.threads.ThreadPoolExecutor.runWorker(ThreadPoolExecutor.java:1191) ~[tomcat-embed-core-9.0.75.jar:9.0.75]
	at org.apache.tomcat.util.threads.ThreadPoolExecutor$Worker.run(ThreadPoolExecutor.java:659) ~[tomcat-embed-core-9.0.75.jar:9.0.75]
	at org.apache.tomcat.util.threads.TaskThread$WrappingRunnable.run(TaskThread.java:61) ~[tomcat-embed-core-9.0.75.jar:9.0.75]
	at java.base/java.lang.Thread.run(Thread.java:840) ~[na:na]

19:33:53:014  WARN 12139 --- [http-nio-8084-exec-1] .w.s.m.s.DefaultHandlerExceptionResolver : Resolved [org.springframework.web.bind.MissingServletRequestParameterException: Required request parameter 'pw' for method parameter type String is not present]
19:34:21:309 DEBUG 12139 --- [http-nio-8084-exec-7] c.h.user.mapper.UserMapper.selectOne     : ==>  Preparing: SELECT id,username,password,phone,create_time,update_time,status,balance FROM user WHERE (username = ?)
19:34:21:309 DEBUG 12139 --- [http-nio-8084-exec-7] c.h.user.mapper.UserMapper.selectOne     : ==> Parameters: jack(String)
19:34:21:313 DEBUG 12139 --- [http-nio-8084-exec-7] c.h.user.mapper.UserMapper.selectOne     : <==      Total: 1
19:35:04:246  WARN 12139 --- [Thread-4] c.a.nacos.common.notify.NotifyCenter     : [NotifyCenter] Start destroying Publisher
19:35:04:246  WARN 12139 --- [Thread-7] c.a.n.common.http.HttpClientBeanHolder   : [HttpClientBeanHolder] Start destroying common HttpClient
19:35:04:246  WARN 12139 --- [Thread-4] c.a.nacos.common.notify.NotifyCenter     : [NotifyCenter] Destruction of the end
19:35:04:247  WARN 12139 --- [Thread-7] c.a.n.common.http.HttpClientBeanHolder   : [HttpClientBeanHolder] Destruction of the end
19:35:28:618  INFO 12232 --- [main] com.hmall.user.UserApplication           : Starting UserApplication using Java 17.0.14 on zhuyuanzhuodeMacBook-Pro.local with PID 12232 (/Users/zhuyuanzhuo/code/IdeaProjects/hmall/user-service/target/classes started by zhuyuanzhuo in /Users/zhuyuanzhuo/code/IdeaProjects/hmall)
19:35:28:618 DEBUG 12232 --- [main] com.hmall.user.UserApplication           : Running with Spring Boot v2.7.12, Spring v5.3.27
19:35:28:619  INFO 12232 --- [main] com.hmall.user.UserApplication           : The following 1 profile is active: "local"
19:35:28:940  INFO 12232 --- [main] .s.d.r.c.RepositoryConfigurationDelegate : Multiple Spring Data modules found, entering strict repository configuration mode
19:35:28:941  INFO 12232 --- [main] .s.d.r.c.RepositoryConfigurationDelegate : Bootstrapping Spring Data Redis repositories in DEFAULT mode.
19:35:28:948  INFO 12232 --- [main] .s.d.r.c.RepositoryConfigurationDelegate : Finished Spring Data repository scanning in 3 ms. Found 0 Redis repository interfaces.
19:35:29:035  INFO 12232 --- [main] o.s.cloud.context.scope.GenericScope     : BeanFactory id=183f1dfa-fce9-30a7-a900-c30a01b4c92e
19:35:29:216  INFO 12232 --- [main] o.s.b.w.embedded.tomcat.TomcatWebServer  : Tomcat initialized with port(s): 8084 (http)
19:35:29:220  INFO 12232 --- [main] o.apache.catalina.core.StandardService   : Starting service [Tomcat]
19:35:29:220  INFO 12232 --- [main] org.apache.catalina.core.StandardEngine  : Starting Servlet engine: [Apache Tomcat/9.0.75]
19:35:29:263  INFO 12232 --- [main] o.a.c.c.C.[Tomcat].[localhost].[/]       : Initializing Spring embedded WebApplicationContext
19:35:29:263  INFO 12232 --- [main] w.s.c.ServletWebServerApplicationContext : Root WebApplicationContext: initialization completed in 627 ms
19:35:29:747  INFO 12232 --- [main] pertySourcedRequestMappingHandlerMapping : Mapped URL path [/v2/api-docs] onto method [springfox.documentation.swagger2.web.Swagger2ControllerWebMvc#getDocumentation(String, HttpServletRequest)]
19:35:29:965  INFO 12232 --- [main] com.alibaba.nacos.common.remote.client   : [RpcClientFactory] create a new rpc client of 39117a09-8bd1-401d-9c21-dc469611be92
19:35:29:984  INFO 12232 --- [main] org.reflections.Reflections              : Reflections took 9 ms to scan 1 urls, producing 3 keys and 6 values 
19:35:29:994  INFO 12232 --- [main] org.reflections.Reflections              : Reflections took 4 ms to scan 1 urls, producing 4 keys and 9 values 
19:35:29:997  INFO 12232 --- [main] org.reflections.Reflections              : Reflections took 3 ms to scan 1 urls, producing 3 keys and 10 values 
19:35:29:998  WARN 12232 --- [main] org.reflections.Reflections              : given scan urls are empty. set urls in the configuration
19:35:30:003  INFO 12232 --- [main] org.reflections.Reflections              : Reflections took 5 ms to scan 1 urls, producing 1 keys and 5 values 
19:35:30:007  INFO 12232 --- [main] org.reflections.Reflections              : Reflections took 3 ms to scan 1 urls, producing 1 keys and 7 values 
19:35:30:011  INFO 12232 --- [main] org.reflections.Reflections              : Reflections took 2 ms to scan 1 urls, producing 2 keys and 8 values 
19:35:30:012  WARN 12232 --- [main] org.reflections.Reflections              : given scan urls are empty. set urls in the configuration
19:35:30:012  INFO 12232 --- [main] com.alibaba.nacos.common.remote.client   : [39117a09-8bd1-401d-9c21-dc469611be92] RpcClient init label, labels = {module=naming, source=sdk}
19:35:30:013  INFO 12232 --- [main] com.alibaba.nacos.common.remote.client   : [39117a09-8bd1-401d-9c21-dc469611be92] RpcClient init, ServerListFactory = com.alibaba.nacos.client.naming.core.ServerListManager
19:35:30:013  INFO 12232 --- [main] com.alibaba.nacos.common.remote.client   : [39117a09-8bd1-401d-9c21-dc469611be92] Registry connection listener to current client:com.alibaba.nacos.client.naming.remote.gprc.redo.NamingGrpcRedoService
19:35:30:013  INFO 12232 --- [main] com.alibaba.nacos.common.remote.client   : [39117a09-8bd1-401d-9c21-dc469611be92] Register server push request handler:com.alibaba.nacos.client.naming.remote.gprc.NamingPushRequestHandler
19:35:30:014  INFO 12232 --- [main] com.alibaba.nacos.common.remote.client   : [39117a09-8bd1-401d-9c21-dc469611be92] Try to connect to server on start up, server: {serverIp = '172.16.125.128', server main port = 8848}
19:35:30:335  INFO 12232 --- [main] com.alibaba.nacos.common.remote.client   : [39117a09-8bd1-401d-9c21-dc469611be92] Success to connect to server [172.16.125.128:8848] on start up, connectionId = 1749555330212_172.16.125.1_62607
19:35:30:336  INFO 12232 --- [com.alibaba.nacos.client.remote.worker] com.alibaba.nacos.common.remote.client   : [39117a09-8bd1-401d-9c21-dc469611be92] Notify connected event to listeners.
19:35:30:336  INFO 12232 --- [main] com.alibaba.nacos.common.remote.client   : [39117a09-8bd1-401d-9c21-dc469611be92] Register server push request handler:com.alibaba.nacos.common.remote.client.RpcClient$ConnectResetRequestHandler
19:35:30:336  INFO 12232 --- [main] com.alibaba.nacos.common.remote.client   : [39117a09-8bd1-401d-9c21-dc469611be92] Register server push request handler:com.alibaba.nacos.common.remote.client.RpcClient$$Lambda$1107/0x0000009801929b30
19:35:30:374  INFO 12232 --- [main] o.s.b.w.embedded.tomcat.TomcatWebServer  : Tomcat started on port(s): 8084 (http) with context path ''
19:35:30:380  INFO 12232 --- [main] c.a.c.n.registry.NacosServiceRegistry    : nacos registry, DEFAULT_GROUP user-service 192.168.2.35:8084 register finished
19:35:30:383  INFO 12232 --- [main] d.s.w.p.DocumentationPluginsBootstrapper : Documentation plugins bootstrapped
19:35:30:384  INFO 12232 --- [main] d.s.w.p.DocumentationPluginsBootstrapper : Found 1 custom documentation plugin(s)
19:35:30:391  INFO 12232 --- [main] s.d.s.w.s.ApiListingReferenceScanner     : Scanning for api listing references
19:35:30:426  INFO 12232 --- [main] com.hmall.user.UserApplication           : Started UserApplication in 2.025 seconds (JVM running for 2.413)
19:35:30:923  INFO 12232 --- [nacos-grpc-client-executor-11] com.alibaba.nacos.common.remote.client   : [39117a09-8bd1-401d-9c21-dc469611be92] Receive server push request, request = NotifySubscriberRequest, requestId = 61
19:35:30:925  INFO 12232 --- [nacos-grpc-client-executor-11] com.alibaba.nacos.common.remote.client   : [39117a09-8bd1-401d-9c21-dc469611be92] Ack server push request, request = NotifySubscriberRequest, requestId = 61
